08-19 17:10:38 com_github_MitjaNemec_Archive3DModels.action_archive_3d_models 220:Plugin executed on: 'linux'
08-19 17:10:38 com_github_MitjaNemec_Archive3DModels.action_archive_3d_models 221:Plugin executed with python version: '3.11.3 (main, Jun  5 2023, 09:32:32) [GCC 13.1.1 20230429]'
08-19 17:10:38 com_github_MitjaNemec_Archive3DModels.action_archive_3d_models 222:KiCad build version: 7.0.7
08-19 17:10:38 com_github_MitjaNemec_Archive3DModels.action_archive_3d_models 223:Plugin version: 1.0.9

08-19 17:10:38 com_github_MitjaNemec_Archive3DModels.action_archive_3d_models 228:Screen sizes: [wx.Size(3840, 2160), wx.Size(3840, 2160)]
08-19 17:10:38 com_github_MitjaNemec_Archive3DModels.action_archive_3d_models 235:Dialog size: wx.Size(213, 81)
08-19 17:10:38 com_github_MitjaNemec_Archive3DModels.action_archive_3d_models 237:Char size: 27
08-19 17:10:44 com_github_MitjaNemec_Archive3DModels.archive_3d_models 24:Starting to archive 3D models
08-19 17:10:44 com_github_MitjaNemec_Archive3DModels.archive_3d_models 45:Getting 3D models for footprint of: R405
08-19 17:10:44 com_github_MitjaNemec_Archive3DModels.archive_3d_models 56:Trying to copy: ${KICAD6_3DMODEL_DIR}/Resistor_SMD.3dshapes/R_0402_1005Metric.wrl
08-19 17:10:44 com_github_MitjaNemec_Archive3DModels.archive_3d_models 136:Remapping: ${KICAD6_3DMODEL_DIR}/Resistor_SMD.3dshapes/R_0402_1005Metric.wrl
08-19 17:10:44 com_github_MitjaNemec_Archive3DModels.archive_3d_models 45:Getting 3D models for footprint of: U401
08-19 17:10:44 com_github_MitjaNemec_Archive3DModels.archive_3d_models 56:Trying to copy: ${KICAD6_3DMODEL_DIR}/Package_DFN_QFN.3dshapes/QFN-32-1EP_5x5mm_P0.5mm_EP3.45x3.45mm.wrl
08-19 17:10:44 com_github_MitjaNemec_Archive3DModels.archive_3d_models 136:Remapping: ${KICAD6_3DMODEL_DIR}/Package_DFN_QFN.3dshapes/QFN-32-1EP_5x5mm_P0.5mm_EP3.45x3.45mm.wrl
08-19 17:10:44 com_github_MitjaNemec_Archive3DModels.archive_3d_models 45:Getting 3D models for footprint of: TP302
08-19 17:10:44 com_github_MitjaNemec_Archive3DModels.archive_3d_models 45:Getting 3D models for footprint of: C206
08-19 17:10:44 com_github_MitjaNemec_Archive3DModels.archive_3d_models 56:Trying to copy: ${KICAD6_3DMODEL_DIR}/Capacitor_SMD.3dshapes/C_0603_1608Metric.wrl
08-19 17:10:44 com_github_MitjaNemec_Archive3DModels.archive_3d_models 136:Remapping: ${KICAD6_3DMODEL_DIR}/Capacitor_SMD.3dshapes/C_0603_1608Metric.wrl
08-19 17:10:44 com_github_MitjaNemec_Archive3DModels.archive_3d_models 45:Getting 3D models for footprint of: C301
08-19 17:10:44 com_github_MitjaNemec_Archive3DModels.archive_3d_models 56:Trying to copy: ${KICAD6_3DMODEL_DIR}/Capacitor_SMD.3dshapes/C_1210_3225Metric.wrl
08-19 17:10:44 com_github_MitjaNemec_Archive3DModels.archive_3d_models 136:Remapping: ${KICAD6_3DMODEL_DIR}/Capacitor_SMD.3dshapes/C_1210_3225Metric.wrl
08-19 17:10:44 com_github_MitjaNemec_Archive3DModels.archive_3d_models 45:Getting 3D models for footprint of: C405
08-19 17:10:44 com_github_MitjaNemec_Archive3DModels.archive_3d_models 56:Trying to copy: ${KICAD6_3DMODEL_DIR}/Capacitor_SMD.3dshapes/C_0402_1005Metric.wrl
08-19 17:10:44 com_github_MitjaNemec_Archive3DModels.archive_3d_models 136:Remapping: ${KICAD6_3DMODEL_DIR}/Capacitor_SMD.3dshapes/C_0402_1005Metric.wrl
08-19 17:10:44 com_github_MitjaNemec_Archive3DModels.archive_3d_models 45:Getting 3D models for footprint of: C402
08-19 17:10:44 com_github_MitjaNemec_Archive3DModels.archive_3d_models 56:Trying to copy: ${KICAD6_3DMODEL_DIR}/Capacitor_SMD.3dshapes/C_0603_1608Metric.wrl
08-19 17:10:44 com_github_MitjaNemec_Archive3DModels.archive_3d_models 136:Remapping: ${KICAD6_3DMODEL_DIR}/Capacitor_SMD.3dshapes/C_0603_1608Metric.wrl
08-19 17:10:44 com_github_MitjaNemec_Archive3DModels.archive_3d_models 45:Getting 3D models for footprint of: H402
08-19 17:10:44 com_github_MitjaNemec_Archive3DModels.archive_3d_models 45:Getting 3D models for footprint of: R408
08-19 17:10:44 com_github_MitjaNemec_Archive3DModels.archive_3d_models 56:Trying to copy: ${KICAD6_3DMODEL_DIR}/Resistor_SMD.3dshapes/R_0402_1005Metric.wrl
08-19 17:10:44 com_github_MitjaNemec_Archive3DModels.archive_3d_models 136:Remapping: ${KICAD6_3DMODEL_DIR}/Resistor_SMD.3dshapes/R_0402_1005Metric.wrl
08-19 17:10:44 com_github_MitjaNemec_Archive3DModels.archive_3d_models 45:Getting 3D models for footprint of: J401
08-19 17:10:44 com_github_MitjaNemec_Archive3DModels.archive_3d_models 56:Trying to copy: /home/air/.kicad/kicad-library/3d_models/c-6-440054-2-f4-3d.stp
08-19 17:10:44 com_github_MitjaNemec_Archive3DModels.archive_3d_models 136:Remapping: /home/air/.kicad/kicad-library/3d_models/c-6-440054-2-f4-3d.stp
08-19 17:10:44 com_github_MitjaNemec_Archive3DModels.archive_3d_models 45:Getting 3D models for footprint of: C314
08-19 17:10:44 com_github_MitjaNemec_Archive3DModels.archive_3d_models 56:Trying to copy: ${KICAD6_3DMODEL_DIR}/Capacitor_SMD.3dshapes/C_1210_3225Metric.wrl
08-19 17:10:44 com_github_MitjaNemec_Archive3DModels.archive_3d_models 136:Remapping: ${KICAD6_3DMODEL_DIR}/Capacitor_SMD.3dshapes/C_1210_3225Metric.wrl
08-19 17:10:44 com_github_MitjaNemec_Archive3DModels.archive_3d_models 45:Getting 3D models for footprint of: R307
08-19 17:10:44 com_github_MitjaNemec_Archive3DModels.archive_3d_models 56:Trying to copy: ${KICAD6_3DMODEL_DIR}/Resistor_SMD.3dshapes/R_0402_1005Metric.wrl
08-19 17:10:44 com_github_MitjaNemec_Archive3DModels.archive_3d_models 136:Remapping: ${KICAD6_3DMODEL_DIR}/Resistor_SMD.3dshapes/R_0402_1005Metric.wrl
08-19 17:10:44 com_github_MitjaNemec_Archive3DModels.archive_3d_models 45:Getting 3D models for footprint of: TP303
08-19 17:10:44 com_github_MitjaNemec_Archive3DModels.archive_3d_models 45:Getting 3D models for footprint of: C401
08-19 17:10:44 com_github_MitjaNemec_Archive3DModels.archive_3d_models 56:Trying to copy: ${KICAD6_3DMODEL_DIR}/Capacitor_SMD.3dshapes/C_0402_1005Metric.wrl
08-19 17:10:44 com_github_MitjaNemec_Archive3DModels.archive_3d_models 136:Remapping: ${KICAD6_3DMODEL_DIR}/Capacitor_SMD.3dshapes/C_0402_1005Metric.wrl
08-19 17:10:44 com_github_MitjaNemec_Archive3DModels.archive_3d_models 45:Getting 3D models for footprint of: C407
08-19 17:10:44 com_github_MitjaNemec_Archive3DModels.archive_3d_models 56:Trying to copy: ${KICAD6_3DMODEL_DIR}/Capacitor_SMD.3dshapes/C_0402_1005Metric.wrl
08-19 17:10:44 com_github_MitjaNemec_Archive3DModels.archive_3d_models 136:Remapping: ${KICAD6_3DMODEL_DIR}/Capacitor_SMD.3dshapes/C_0402_1005Metric.wrl
08-19 17:10:44 com_github_MitjaNemec_Archive3DModels.archive_3d_models 45:Getting 3D models for footprint of: C309
08-19 17:10:44 com_github_MitjaNemec_Archive3DModels.archive_3d_models 56:Trying to copy: ${KICAD6_3DMODEL_DIR}/Capacitor_SMD.3dshapes/C_0603_1608Metric.wrl
08-19 17:10:44 com_github_MitjaNemec_Archive3DModels.archive_3d_models 136:Remapping: ${KICAD6_3DMODEL_DIR}/Capacitor_SMD.3dshapes/C_0603_1608Metric.wrl
08-19 17:10:44 com_github_MitjaNemec_Archive3DModels.archive_3d_models 45:Getting 3D models for footprint of: J403
08-19 17:10:44 com_github_MitjaNemec_Archive3DModels.archive_3d_models 56:Trying to copy: ${KICAD6_3DMODEL_DIR}/Connector_PinHeader_2.54mm.3dshapes/PinHeader_2x02_P2.54mm_Vertical_SMD.wrl
08-19 17:10:44 com_github_MitjaNemec_Archive3DModels.archive_3d_models 136:Remapping: ${KICAD6_3DMODEL_DIR}/Connector_PinHeader_2.54mm.3dshapes/PinHeader_2x02_P2.54mm_Vertical_SMD.wrl
08-19 17:10:44 com_github_MitjaNemec_Archive3DModels.archive_3d_models 45:Getting 3D models for footprint of: J301
08-19 17:10:44 com_github_MitjaNemec_Archive3DModels.archive_3d_models 56:Trying to copy: /home/air/.kicad/kicad-library/3d_models/CUI_DEVICES_PJ-063AH/CUI_DEVICES_PJ-063AH.step
08-19 17:10:44 com_github_MitjaNemec_Archive3DModels.archive_3d_models 136:Remapping: /home/air/.kicad/kicad-library/3d_models/CUI_DEVICES_PJ-063AH/CUI_DEVICES_PJ-063AH.step
08-19 17:10:44 com_github_MitjaNemec_Archive3DModels.archive_3d_models 45:Getting 3D models for footprint of: C304
08-19 17:10:44 com_github_MitjaNemec_Archive3DModels.archive_3d_models 56:Trying to copy: ${KICAD6_3DMODEL_DIR}/Capacitor_SMD.3dshapes/C_1210_3225Metric.wrl
08-19 17:10:44 com_github_MitjaNemec_Archive3DModels.archive_3d_models 136:Remapping: ${KICAD6_3DMODEL_DIR}/Capacitor_SMD.3dshapes/C_1210_3225Metric.wrl
08-19 17:10:44 com_github_MitjaNemec_Archive3DModels.archive_3d_models 45:Getting 3D models for footprint of: FID301
08-19 17:10:44 com_github_MitjaNemec_Archive3DModels.archive_3d_models 45:Getting 3D models for footprint of: J202
08-19 17:10:44 com_github_MitjaNemec_Archive3DModels.archive_3d_models 56:Trying to copy: /home/air/.kicad/kicad-library/3d_models/SFV20R-2STE1HLF.step
08-19 17:10:44 com_github_MitjaNemec_Archive3DModels.archive_3d_models 136:Remapping: /home/air/.kicad/kicad-library/3d_models/SFV20R-2STE1HLF.step
08-19 17:10:44 com_github_MitjaNemec_Archive3DModels.archive_3d_models 45:Getting 3D models for footprint of: FID401
08-19 17:10:44 com_github_MitjaNemec_Archive3DModels.archive_3d_models 45:Getting 3D models for footprint of: U303
08-19 17:10:44 com_github_MitjaNemec_Archive3DModels.archive_3d_models 56:Trying to copy: ${KICAD7_3DMODEL_DIR}/Package_DFN_QFN.3dshapes/QFN-20-1EP_4x4mm_P0.5mm.step
08-19 17:10:44 com_github_MitjaNemec_Archive3DModels.archive_3d_models 136:Remapping: ${KICAD7_3DMODEL_DIR}/Package_DFN_QFN.3dshapes/QFN-20-1EP_4x4mm_P0.5mm.step
08-19 17:10:44 com_github_MitjaNemec_Archive3DModels.archive_3d_models 56:Trying to copy: ${KIPRJMOD}/packages3D/QFN-20-1EP_4x4mm_P0.5mm.step
08-19 17:10:44 com_github_MitjaNemec_Archive3DModels.archive_3d_models 136:Remapping: ${KIPRJMOD}/packages3D/QFN-20-1EP_4x4mm_P0.5mm.step
08-19 17:10:44 com_github_MitjaNemec_Archive3DModels.archive_3d_models 45:Getting 3D models for footprint of: C207
08-19 17:10:44 com_github_MitjaNemec_Archive3DModels.archive_3d_models 56:Trying to copy: ${KICAD6_3DMODEL_DIR}/Capacitor_SMD.3dshapes/C_0402_1005Metric.wrl
08-19 17:10:44 com_github_MitjaNemec_Archive3DModels.archive_3d_models 136:Remapping: ${KICAD6_3DMODEL_DIR}/Capacitor_SMD.3dshapes/C_0402_1005Metric.wrl
08-19 17:10:44 com_github_MitjaNemec_Archive3DModels.archive_3d_models 45:Getting 3D models for footprint of: Q402
08-19 17:10:44 com_github_MitjaNemec_Archive3DModels.archive_3d_models 56:Trying to copy: ${KICAD7_3DMODEL_DIR}/Package_DFN_QFN.3dshapes/DFN-6-1EP_3x2mm_Pitch0.5mm.step
08-19 17:10:44 com_github_MitjaNemec_Archive3DModels.archive_3d_models 136:Remapping: ${KICAD7_3DMODEL_DIR}/Package_DFN_QFN.3dshapes/DFN-6-1EP_3x2mm_Pitch0.5mm.step
08-19 17:10:44 com_github_MitjaNemec_Archive3DModels.archive_3d_models 45:Getting 3D models for footprint of: J408
08-19 17:10:44 com_github_MitjaNemec_Archive3DModels.archive_3d_models 56:Trying to copy: /home/air/.kicad/kicad-library/3d_models/c-6-440054-2-f4-3d.stp
08-19 17:10:44 com_github_MitjaNemec_Archive3DModels.archive_3d_models 136:Remapping: /home/air/.kicad/kicad-library/3d_models/c-6-440054-2-f4-3d.stp
08-19 17:10:44 com_github_MitjaNemec_Archive3DModels.archive_3d_models 45:Getting 3D models for footprint of: C203
08-19 17:10:44 com_github_MitjaNemec_Archive3DModels.archive_3d_models 56:Trying to copy: ${KICAD6_3DMODEL_DIR}/Capacitor_SMD.3dshapes/C_0402_1005Metric.wrl
08-19 17:10:44 com_github_MitjaNemec_Archive3DModels.archive_3d_models 136:Remapping: ${KICAD6_3DMODEL_DIR}/Capacitor_SMD.3dshapes/C_0402_1005Metric.wrl
08-19 17:10:44 com_github_MitjaNemec_Archive3DModels.archive_3d_models 45:Getting 3D models for footprint of: R407
08-19 17:10:44 com_github_MitjaNemec_Archive3DModels.archive_3d_models 56:Trying to copy: ${KICAD6_3DMODEL_DIR}/Resistor_SMD.3dshapes/R_0402_1005Metric.wrl
08-19 17:10:44 com_github_MitjaNemec_Archive3DModels.archive_3d_models 136:Remapping: ${KICAD6_3DMODEL_DIR}/Resistor_SMD.3dshapes/R_0402_1005Metric.wrl
08-19 17:10:44 com_github_MitjaNemec_Archive3DModels.archive_3d_models 45:Getting 3D models for footprint of: U301
08-19 17:10:44 com_github_MitjaNemec_Archive3DModels.archive_3d_models 56:Trying to copy: ${KICAD6_3DMODEL_DIR}/Package_TO_SOT_SMD.3dshapes/TO-252-2.wrl
08-19 17:10:44 com_github_MitjaNemec_Archive3DModels.archive_3d_models 136:Remapping: ${KICAD6_3DMODEL_DIR}/Package_TO_SOT_SMD.3dshapes/TO-252-2.wrl
08-19 17:10:44 com_github_MitjaNemec_Archive3DModels.archive_3d_models 45:Getting 3D models for footprint of: R409
08-19 17:10:44 com_github_MitjaNemec_Archive3DModels.archive_3d_models 56:Trying to copy: ${KICAD6_3DMODEL_DIR}/Resistor_SMD.3dshapes/R_0603_1608Metric.wrl
08-19 17:10:44 com_github_MitjaNemec_Archive3DModels.archive_3d_models 136:Remapping: ${KICAD6_3DMODEL_DIR}/Resistor_SMD.3dshapes/R_0603_1608Metric.wrl
08-19 17:10:44 com_github_MitjaNemec_Archive3DModels.archive_3d_models 45:Getting 3D models for footprint of: TP301
08-19 17:10:44 com_github_MitjaNemec_Archive3DModels.archive_3d_models 45:Getting 3D models for footprint of: D401
08-19 17:10:44 com_github_MitjaNemec_Archive3DModels.archive_3d_models 56:Trying to copy: ${KICAD7_3DMODEL_DIR}/Package_DFN_QFN.3dshapes/DFN-6-1EP_2x2mm_P0.5mm_EP0.61x1.42mm.step
08-19 17:10:44 com_github_MitjaNemec_Archive3DModels.archive_3d_models 136:Remapping: ${KICAD7_3DMODEL_DIR}/Package_DFN_QFN.3dshapes/DFN-6-1EP_2x2mm_P0.5mm_EP0.61x1.42mm.step
08-19 17:10:44 com_github_MitjaNemec_Archive3DModels.archive_3d_models 45:Getting 3D models for footprint of: R414
08-19 17:10:44 com_github_MitjaNemec_Archive3DModels.archive_3d_models 56:Trying to copy: ${KICAD6_3DMODEL_DIR}/Resistor_SMD.3dshapes/R_0402_1005Metric.wrl
08-19 17:10:44 com_github_MitjaNemec_Archive3DModels.archive_3d_models 136:Remapping: ${KICAD6_3DMODEL_DIR}/Resistor_SMD.3dshapes/R_0402_1005Metric.wrl
08-19 17:10:44 com_github_MitjaNemec_Archive3DModels.archive_3d_models 45:Getting 3D models for footprint of: R303
08-19 17:10:44 com_github_MitjaNemec_Archive3DModels.archive_3d_models 56:Trying to copy: ${KICAD6_3DMODEL_DIR}/Resistor_SMD.3dshapes/R_0402_1005Metric.wrl
08-19 17:10:44 com_github_MitjaNemec_Archive3DModels.archive_3d_models 136:Remapping: ${KICAD6_3DMODEL_DIR}/Resistor_SMD.3dshapes/R_0402_1005Metric.wrl
08-19 17:10:44 com_github_MitjaNemec_Archive3DModels.archive_3d_models 45:Getting 3D models for footprint of: C202
08-19 17:10:44 com_github_MitjaNemec_Archive3DModels.archive_3d_models 56:Trying to copy: ${KICAD6_3DMODEL_DIR}/Capacitor_SMD.3dshapes/C_0805_2012Metric.wrl
08-19 17:10:44 com_github_MitjaNemec_Archive3DModels.archive_3d_models 136:Remapping: ${KICAD6_3DMODEL_DIR}/Capacitor_SMD.3dshapes/C_0805_2012Metric.wrl
08-19 17:10:44 com_github_MitjaNemec_Archive3DModels.archive_3d_models 45:Getting 3D models for footprint of: C208
08-19 17:10:44 com_github_MitjaNemec_Archive3DModels.archive_3d_models 56:Trying to copy: ${KICAD6_3DMODEL_DIR}/Capacitor_SMD.3dshapes/C_0603_1608Metric.wrl
08-19 17:10:44 com_github_MitjaNemec_Archive3DModels.archive_3d_models 136:Remapping: ${KICAD6_3DMODEL_DIR}/Capacitor_SMD.3dshapes/C_0603_1608Metric.wrl
08-19 17:10:44 com_github_MitjaNemec_Archive3DModels.archive_3d_models 45:Getting 3D models for footprint of: R418
08-19 17:10:44 com_github_MitjaNemec_Archive3DModels.archive_3d_models 56:Trying to copy: ${KICAD6_3DMODEL_DIR}/Resistor_SMD.3dshapes/R_0603_1608Metric.wrl
08-19 17:10:44 com_github_MitjaNemec_Archive3DModels.archive_3d_models 136:Remapping: ${KICAD6_3DMODEL_DIR}/Resistor_SMD.3dshapes/R_0603_1608Metric.wrl
08-19 17:10:44 com_github_MitjaNemec_Archive3DModels.archive_3d_models 45:Getting 3D models for footprint of: J406
08-19 17:10:44 com_github_MitjaNemec_Archive3DModels.archive_3d_models 56:Trying to copy: /home/air/.kicad/kicad-library/3d_models/c-6-440054-2-f4-3d.stp
08-19 17:10:44 com_github_MitjaNemec_Archive3DModels.archive_3d_models 136:Remapping: /home/air/.kicad/kicad-library/3d_models/c-6-440054-2-f4-3d.stp
08-19 17:10:44 com_github_MitjaNemec_Archive3DModels.archive_3d_models 45:Getting 3D models for footprint of: C305
08-19 17:10:44 com_github_MitjaNemec_Archive3DModels.archive_3d_models 56:Trying to copy: ${KICAD6_3DMODEL_DIR}/Capacitor_SMD.3dshapes/C_1210_3225Metric.wrl
08-19 17:10:44 com_github_MitjaNemec_Archive3DModels.archive_3d_models 136:Remapping: ${KICAD6_3DMODEL_DIR}/Capacitor_SMD.3dshapes/C_1210_3225Metric.wrl
08-19 17:10:44 com_github_MitjaNemec_Archive3DModels.archive_3d_models 45:Getting 3D models for footprint of: L303
08-19 17:10:44 com_github_MitjaNemec_Archive3DModels.archive_3d_models 56:Trying to copy: /home/air/.kicad/kicad-library/3d_models/vls6045af.step
08-19 17:10:44 com_github_MitjaNemec_Archive3DModels.archive_3d_models 136:Remapping: /home/air/.kicad/kicad-library/3d_models/vls6045af.step
08-19 17:10:44 com_github_MitjaNemec_Archive3DModels.archive_3d_models 45:Getting 3D models for footprint of: C308
08-19 17:10:44 com_github_MitjaNemec_Archive3DModels.archive_3d_models 56:Trying to copy: ${KICAD6_3DMODEL_DIR}/Capacitor_SMD.3dshapes/C_0805_2012Metric.wrl
08-19 17:10:44 com_github_MitjaNemec_Archive3DModels.archive_3d_models 136:Remapping: ${KICAD6_3DMODEL_DIR}/Capacitor_SMD.3dshapes/C_0805_2012Metric.wrl
08-19 17:10:44 com_github_MitjaNemec_Archive3DModels.archive_3d_models 45:Getting 3D models for footprint of: C302
08-19 17:10:44 com_github_MitjaNemec_Archive3DModels.archive_3d_models 56:Trying to copy: ${KICAD6_3DMODEL_DIR}/Capacitor_SMD.3dshapes/C_0805_2012Metric.wrl
08-19 17:10:44 com_github_MitjaNemec_Archive3DModels.archive_3d_models 136:Remapping: ${KICAD6_3DMODEL_DIR}/Capacitor_SMD.3dshapes/C_0805_2012Metric.wrl
08-19 17:10:44 com_github_MitjaNemec_Archive3DModels.archive_3d_models 45:Getting 3D models for footprint of: J203
08-19 17:10:44 com_github_MitjaNemec_Archive3DModels.archive_3d_models 56:Trying to copy: /home/air/.kicad/kicad-library/3d_models/NMJ6HCD2.step
08-19 17:10:44 com_github_MitjaNemec_Archive3DModels.archive_3d_models 136:Remapping: /home/air/.kicad/kicad-library/3d_models/NMJ6HCD2.step
08-19 17:10:44 com_github_MitjaNemec_Archive3DModels.archive_3d_models 45:Getting 3D models for footprint of: C311
08-19 17:10:44 com_github_MitjaNemec_Archive3DModels.archive_3d_models 56:Trying to copy: ${KICAD6_3DMODEL_DIR}/Capacitor_SMD.3dshapes/C_1210_3225Metric.wrl
08-19 17:10:44 com_github_MitjaNemec_Archive3DModels.archive_3d_models 136:Remapping: ${KICAD6_3DMODEL_DIR}/Capacitor_SMD.3dshapes/C_1210_3225Metric.wrl
08-19 17:10:44 com_github_MitjaNemec_Archive3DModels.archive_3d_models 45:Getting 3D models for footprint of: C201
08-19 17:10:44 com_github_MitjaNemec_Archive3DModels.archive_3d_models 56:Trying to copy: ${KICAD6_3DMODEL_DIR}/Capacitor_SMD.3dshapes/C_0805_2012Metric.wrl
08-19 17:10:44 com_github_MitjaNemec_Archive3DModels.archive_3d_models 136:Remapping: ${KICAD6_3DMODEL_DIR}/Capacitor_SMD.3dshapes/C_0805_2012Metric.wrl
08-19 17:10:44 com_github_MitjaNemec_Archive3DModels.archive_3d_models 45:Getting 3D models for footprint of: R403
08-19 17:10:44 com_github_MitjaNemec_Archive3DModels.archive_3d_models 56:Trying to copy: ${KICAD6_3DMODEL_DIR}/Resistor_SMD.3dshapes/R_0402_1005Metric.wrl
08-19 17:10:44 com_github_MitjaNemec_Archive3DModels.archive_3d_models 136:Remapping: ${KICAD6_3DMODEL_DIR}/Resistor_SMD.3dshapes/R_0402_1005Metric.wrl
08-19 17:10:44 com_github_MitjaNemec_Archive3DModels.archive_3d_models 45:Getting 3D models for footprint of: R201
08-19 17:10:44 com_github_MitjaNemec_Archive3DModels.archive_3d_models 56:Trying to copy: ${KICAD6_3DMODEL_DIR}/Resistor_SMD.3dshapes/R_0402_1005Metric.wrl
08-19 17:10:44 com_github_MitjaNemec_Archive3DModels.archive_3d_models 136:Remapping: ${KICAD6_3DMODEL_DIR}/Resistor_SMD.3dshapes/R_0402_1005Metric.wrl
08-19 17:10:44 com_github_MitjaNemec_Archive3DModels.archive_3d_models 45:Getting 3D models for footprint of: U304
08-19 17:10:44 com_github_MitjaNemec_Archive3DModels.archive_3d_models 56:Trying to copy: ${KICAD6_3DMODEL_DIR}/Package_TO_SOT_SMD.3dshapes/TO-252-2.wrl
08-19 17:10:44 com_github_MitjaNemec_Archive3DModels.archive_3d_models 136:Remapping: ${KICAD6_3DMODEL_DIR}/Package_TO_SOT_SMD.3dshapes/TO-252-2.wrl
08-19 17:10:44 com_github_MitjaNemec_Archive3DModels.archive_3d_models 45:Getting 3D models for footprint of: U302
08-19 17:10:44 com_github_MitjaNemec_Archive3DModels.archive_3d_models 56:Trying to copy: ${KICAD6_3DMODEL_DIR}/Package_TO_SOT_SMD.3dshapes/TO-252-2.wrl
08-19 17:10:44 com_github_MitjaNemec_Archive3DModels.archive_3d_models 136:Remapping: ${KICAD6_3DMODEL_DIR}/Package_TO_SOT_SMD.3dshapes/TO-252-2.wrl
08-19 17:10:44 com_github_MitjaNemec_Archive3DModels.archive_3d_models 45:Getting 3D models for footprint of: R412
08-19 17:10:44 com_github_MitjaNemec_Archive3DModels.archive_3d_models 56:Trying to copy: ${KICAD6_3DMODEL_DIR}/Resistor_SMD.3dshapes/R_0402_1005Metric.wrl
08-19 17:10:44 com_github_MitjaNemec_Archive3DModels.archive_3d_models 136:Remapping: ${KICAD6_3DMODEL_DIR}/Resistor_SMD.3dshapes/R_0402_1005Metric.wrl
08-19 17:10:44 com_github_MitjaNemec_Archive3DModels.archive_3d_models 45:Getting 3D models for footprint of: R311
08-19 17:10:44 com_github_MitjaNemec_Archive3DModels.archive_3d_models 56:Trying to copy: ${KICAD6_3DMODEL_DIR}/Resistor_SMD.3dshapes/R_0402_1005Metric.wrl
08-19 17:10:44 com_github_MitjaNemec_Archive3DModels.archive_3d_models 136:Remapping: ${KICAD6_3DMODEL_DIR}/Resistor_SMD.3dshapes/R_0402_1005Metric.wrl
08-19 17:10:44 com_github_MitjaNemec_Archive3DModels.archive_3d_models 45:Getting 3D models for footprint of: C403
08-19 17:10:44 com_github_MitjaNemec_Archive3DModels.archive_3d_models 56:Trying to copy: ${KICAD6_3DMODEL_DIR}/Capacitor_SMD.3dshapes/C_0402_1005Metric.wrl
08-19 17:10:44 com_github_MitjaNemec_Archive3DModels.archive_3d_models 136:Remapping: ${KICAD6_3DMODEL_DIR}/Capacitor_SMD.3dshapes/C_0402_1005Metric.wrl
08-19 17:10:44 com_github_MitjaNemec_Archive3DModels.archive_3d_models 45:Getting 3D models for footprint of: L301
08-19 17:10:44 com_github_MitjaNemec_Archive3DModels.archive_3d_models 56:Trying to copy: /home/air/.kicad/kicad-library/3d_models/vls6045af.step
08-19 17:10:44 com_github_MitjaNemec_Archive3DModels.archive_3d_models 136:Remapping: /home/air/.kicad/kicad-library/3d_models/vls6045af.step
08-19 17:10:44 com_github_MitjaNemec_Archive3DModels.archive_3d_models 45:Getting 3D models for footprint of: C316
08-19 17:10:44 com_github_MitjaNemec_Archive3DModels.archive_3d_models 56:Trying to copy: ${KICAD6_3DMODEL_DIR}/Capacitor_SMD.3dshapes/C_0603_1608Metric.wrl
08-19 17:10:44 com_github_MitjaNemec_Archive3DModels.archive_3d_models 136:Remapping: ${KICAD6_3DMODEL_DIR}/Capacitor_SMD.3dshapes/C_0603_1608Metric.wrl
08-19 17:10:44 com_github_MitjaNemec_Archive3DModels.archive_3d_models 45:Getting 3D models for footprint of: C313
08-19 17:10:44 com_github_MitjaNemec_Archive3DModels.archive_3d_models 56:Trying to copy: ${KICAD6_3DMODEL_DIR}/Capacitor_SMD.3dshapes/C_1210_3225Metric.wrl
08-19 17:10:44 com_github_MitjaNemec_Archive3DModels.archive_3d_models 136:Remapping: ${KICAD6_3DMODEL_DIR}/Capacitor_SMD.3dshapes/C_1210_3225Metric.wrl
08-19 17:10:44 com_github_MitjaNemec_Archive3DModels.archive_3d_models 45:Getting 3D models for footprint of: G***
08-19 17:10:44 com_github_MitjaNemec_Archive3DModels.archive_3d_models 45:Getting 3D models for footprint of: R401
08-19 17:10:44 com_github_MitjaNemec_Archive3DModels.archive_3d_models 56:Trying to copy: ${KICAD6_3DMODEL_DIR}/Resistor_SMD.3dshapes/R_0402_1005Metric.wrl
08-19 17:10:44 com_github_MitjaNemec_Archive3DModels.archive_3d_models 136:Remapping: ${KICAD6_3DMODEL_DIR}/Resistor_SMD.3dshapes/R_0402_1005Metric.wrl
08-19 17:10:44 com_github_MitjaNemec_Archive3DModels.archive_3d_models 45:Getting 3D models for footprint of: R202
08-19 17:10:44 com_github_MitjaNemec_Archive3DModels.archive_3d_models 56:Trying to copy: ${KICAD6_3DMODEL_DIR}/Resistor_SMD.3dshapes/R_0402_1005Metric.wrl
08-19 17:10:44 com_github_MitjaNemec_Archive3DModels.archive_3d_models 136:Remapping: ${KICAD6_3DMODEL_DIR}/Resistor_SMD.3dshapes/R_0402_1005Metric.wrl
08-19 17:10:44 com_github_MitjaNemec_Archive3DModels.archive_3d_models 45:Getting 3D models for footprint of: R306
08-19 17:10:44 com_github_MitjaNemec_Archive3DModels.archive_3d_models 56:Trying to copy: ${KICAD6_3DMODEL_DIR}/Resistor_SMD.3dshapes/R_0402_1005Metric.wrl
08-19 17:10:44 com_github_MitjaNemec_Archive3DModels.archive_3d_models 136:Remapping: ${KICAD6_3DMODEL_DIR}/Resistor_SMD.3dshapes/R_0402_1005Metric.wrl
08-19 17:10:44 com_github_MitjaNemec_Archive3DModels.archive_3d_models 45:Getting 3D models for footprint of: R404
08-19 17:10:44 com_github_MitjaNemec_Archive3DModels.archive_3d_models 56:Trying to copy: ${KICAD6_3DMODEL_DIR}/Resistor_SMD.3dshapes/R_0402_1005Metric.wrl
08-19 17:10:44 com_github_MitjaNemec_Archive3DModels.archive_3d_models 136:Remapping: ${KICAD6_3DMODEL_DIR}/Resistor_SMD.3dshapes/R_0402_1005Metric.wrl
08-19 17:10:44 com_github_MitjaNemec_Archive3DModels.archive_3d_models 45:Getting 3D models for footprint of: C210
08-19 17:10:44 com_github_MitjaNemec_Archive3DModels.archive_3d_models 56:Trying to copy: ${KICAD6_3DMODEL_DIR}/Capacitor_SMD.3dshapes/C_0805_2012Metric.wrl
08-19 17:10:44 com_github_MitjaNemec_Archive3DModels.archive_3d_models 136:Remapping: ${KICAD6_3DMODEL_DIR}/Capacitor_SMD.3dshapes/C_0805_2012Metric.wrl
08-19 17:10:44 com_github_MitjaNemec_Archive3DModels.archive_3d_models 45:Getting 3D models for footprint of: C312
08-19 17:10:44 com_github_MitjaNemec_Archive3DModels.archive_3d_models 56:Trying to copy: ${KICAD6_3DMODEL_DIR}/Capacitor_SMD.3dshapes/C_0603_1608Metric.wrl
08-19 17:10:44 com_github_MitjaNemec_Archive3DModels.archive_3d_models 136:Remapping: ${KICAD6_3DMODEL_DIR}/Capacitor_SMD.3dshapes/C_0603_1608Metric.wrl
08-19 17:10:44 com_github_MitjaNemec_Archive3DModels.archive_3d_models 45:Getting 3D models for footprint of: C404
08-19 17:10:44 com_github_MitjaNemec_Archive3DModels.archive_3d_models 56:Trying to copy: ${KICAD6_3DMODEL_DIR}/Capacitor_SMD.3dshapes/C_0402_1005Metric.wrl
08-19 17:10:44 com_github_MitjaNemec_Archive3DModels.archive_3d_models 136:Remapping: ${KICAD6_3DMODEL_DIR}/Capacitor_SMD.3dshapes/C_0402_1005Metric.wrl
08-19 17:10:44 com_github_MitjaNemec_Archive3DModels.archive_3d_models 45:Getting 3D models for footprint of: R417
08-19 17:10:44 com_github_MitjaNemec_Archive3DModels.archive_3d_models 56:Trying to copy: ${KICAD6_3DMODEL_DIR}/Resistor_SMD.3dshapes/R_0402_1005Metric.wrl
08-19 17:10:44 com_github_MitjaNemec_Archive3DModels.archive_3d_models 136:Remapping: ${KICAD6_3DMODEL_DIR}/Resistor_SMD.3dshapes/R_0402_1005Metric.wrl
08-19 17:10:44 com_github_MitjaNemec_Archive3DModels.archive_3d_models 45:Getting 3D models for footprint of: C303
08-19 17:10:44 com_github_MitjaNemec_Archive3DModels.archive_3d_models 56:Trying to copy: ${KICAD6_3DMODEL_DIR}/Capacitor_SMD.3dshapes/C_0603_1608Metric.wrl
08-19 17:10:44 com_github_MitjaNemec_Archive3DModels.archive_3d_models 136:Remapping: ${KICAD6_3DMODEL_DIR}/Capacitor_SMD.3dshapes/C_0603_1608Metric.wrl
08-19 17:10:44 com_github_MitjaNemec_Archive3DModels.archive_3d_models 45:Getting 3D models for footprint of: R411
08-19 17:10:44 com_github_MitjaNemec_Archive3DModels.archive_3d_models 56:Trying to copy: ${KICAD6_3DMODEL_DIR}/Resistor_SMD.3dshapes/R_0402_1005Metric.wrl
08-19 17:10:44 com_github_MitjaNemec_Archive3DModels.archive_3d_models 136:Remapping: ${KICAD6_3DMODEL_DIR}/Resistor_SMD.3dshapes/R_0402_1005Metric.wrl
08-19 17:10:44 com_github_MitjaNemec_Archive3DModels.archive_3d_models 45:Getting 3D models for footprint of: C204
08-19 17:10:44 com_github_MitjaNemec_Archive3DModels.archive_3d_models 56:Trying to copy: ${KICAD6_3DMODEL_DIR}/Capacitor_SMD.3dshapes/C_0402_1005Metric.wrl
08-19 17:10:44 com_github_MitjaNemec_Archive3DModels.archive_3d_models 136:Remapping: ${KICAD6_3DMODEL_DIR}/Capacitor_SMD.3dshapes/C_0402_1005Metric.wrl
08-19 17:10:44 com_github_MitjaNemec_Archive3DModels.archive_3d_models 45:Getting 3D models for footprint of: C320
08-19 17:10:44 com_github_MitjaNemec_Archive3DModels.archive_3d_models 56:Trying to copy: ${KICAD6_3DMODEL_DIR}/Capacitor_SMD.3dshapes/C_1210_3225Metric.wrl
08-19 17:10:44 com_github_MitjaNemec_Archive3DModels.archive_3d_models 136:Remapping: ${KICAD6_3DMODEL_DIR}/Capacitor_SMD.3dshapes/C_1210_3225Metric.wrl
08-19 17:10:44 com_github_MitjaNemec_Archive3DModels.archive_3d_models 45:Getting 3D models for footprint of: C307
08-19 17:10:44 com_github_MitjaNemec_Archive3DModels.archive_3d_models 56:Trying to copy: ${KICAD6_3DMODEL_DIR}/Capacitor_SMD.3dshapes/C_1210_3225Metric.wrl
08-19 17:10:44 com_github_MitjaNemec_Archive3DModels.archive_3d_models 136:Remapping: ${KICAD6_3DMODEL_DIR}/Capacitor_SMD.3dshapes/C_1210_3225Metric.wrl
08-19 17:10:44 com_github_MitjaNemec_Archive3DModels.archive_3d_models 45:Getting 3D models for footprint of: C209
08-19 17:10:44 com_github_MitjaNemec_Archive3DModels.archive_3d_models 56:Trying to copy: ${KICAD6_3DMODEL_DIR}/Capacitor_SMD.3dshapes/C_0805_2012Metric.wrl
08-19 17:10:44 com_github_MitjaNemec_Archive3DModels.archive_3d_models 136:Remapping: ${KICAD6_3DMODEL_DIR}/Capacitor_SMD.3dshapes/C_0805_2012Metric.wrl
08-19 17:10:44 com_github_MitjaNemec_Archive3DModels.archive_3d_models 45:Getting 3D models for footprint of: R305
08-19 17:10:44 com_github_MitjaNemec_Archive3DModels.archive_3d_models 56:Trying to copy: ${KICAD6_3DMODEL_DIR}/Resistor_SMD.3dshapes/R_0402_1005Metric.wrl
08-19 17:10:44 com_github_MitjaNemec_Archive3DModels.archive_3d_models 136:Remapping: ${KICAD6_3DMODEL_DIR}/Resistor_SMD.3dshapes/R_0402_1005Metric.wrl
08-19 17:10:44 com_github_MitjaNemec_Archive3DModels.archive_3d_models 45:Getting 3D models for footprint of: D303
08-19 17:10:44 com_github_MitjaNemec_Archive3DModels.archive_3d_models 56:Trying to copy: ${KICAD6_3DMODEL_DIR}/Diode_SMD.3dshapes/D_PowerDI-123.wrl
08-19 17:10:44 com_github_MitjaNemec_Archive3DModels.archive_3d_models 136:Remapping: ${KICAD6_3DMODEL_DIR}/Diode_SMD.3dshapes/D_PowerDI-123.wrl
08-19 17:10:44 com_github_MitjaNemec_Archive3DModels.archive_3d_models 45:Getting 3D models for footprint of: R415
08-19 17:10:44 com_github_MitjaNemec_Archive3DModels.archive_3d_models 56:Trying to copy: ${KICAD6_3DMODEL_DIR}/Resistor_SMD.3dshapes/R_0402_1005Metric.wrl
08-19 17:10:44 com_github_MitjaNemec_Archive3DModels.archive_3d_models 136:Remapping: ${KICAD6_3DMODEL_DIR}/Resistor_SMD.3dshapes/R_0402_1005Metric.wrl
08-19 17:10:44 com_github_MitjaNemec_Archive3DModels.archive_3d_models 45:Getting 3D models for footprint of: J404
08-19 17:10:44 com_github_MitjaNemec_Archive3DModels.archive_3d_models 56:Trying to copy: /home/air/.kicad/kicad-library/3d_models/c-6-440054-2-f4-3d.stp
08-19 17:10:44 com_github_MitjaNemec_Archive3DModels.archive_3d_models 136:Remapping: /home/air/.kicad/kicad-library/3d_models/c-6-440054-2-f4-3d.stp
08-19 17:10:44 com_github_MitjaNemec_Archive3DModels.archive_3d_models 45:Getting 3D models for footprint of: R302
08-19 17:10:44 com_github_MitjaNemec_Archive3DModels.archive_3d_models 56:Trying to copy: ${KICAD6_3DMODEL_DIR}/Resistor_SMD.3dshapes/R_0402_1005Metric.wrl
08-19 17:10:44 com_github_MitjaNemec_Archive3DModels.archive_3d_models 136:Remapping: ${KICAD6_3DMODEL_DIR}/Resistor_SMD.3dshapes/R_0402_1005Metric.wrl
08-19 17:10:44 com_github_MitjaNemec_Archive3DModels.archive_3d_models 45:Getting 3D models for footprint of: U201
08-19 17:10:44 com_github_MitjaNemec_Archive3DModels.archive_3d_models 56:Trying to copy: ${KICAD7_3DMODEL_DIR}/Package_DFN_QFN.3dshapes/QFN-20-1EP_4x4mm_P0.5mm.step
08-19 17:10:44 com_github_MitjaNemec_Archive3DModels.archive_3d_models 136:Remapping: ${KICAD7_3DMODEL_DIR}/Package_DFN_QFN.3dshapes/QFN-20-1EP_4x4mm_P0.5mm.step
08-19 17:10:44 com_github_MitjaNemec_Archive3DModels.archive_3d_models 56:Trying to copy: ${KIPRJMOD}/packages3D/QFN-20-1EP_4x4mm_P0.5mm.step
08-19 17:10:44 com_github_MitjaNemec_Archive3DModels.archive_3d_models 136:Remapping: ${KIPRJMOD}/packages3D/QFN-20-1EP_4x4mm_P0.5mm.step
08-19 17:10:44 com_github_MitjaNemec_Archive3DModels.archive_3d_models 45:Getting 3D models for footprint of: J201
08-19 17:10:44 com_github_MitjaNemec_Archive3DModels.archive_3d_models 56:Trying to copy: /home/air/.kicad/kicad-library/3d_models/NMJ6HCD2.step
08-19 17:10:44 com_github_MitjaNemec_Archive3DModels.archive_3d_models 136:Remapping: /home/air/.kicad/kicad-library/3d_models/NMJ6HCD2.step
08-19 17:10:44 com_github_MitjaNemec_Archive3DModels.archive_3d_models 45:Getting 3D models for footprint of: R312
08-19 17:10:44 com_github_MitjaNemec_Archive3DModels.archive_3d_models 56:Trying to copy: ${KICAD6_3DMODEL_DIR}/Resistor_SMD.3dshapes/R_0402_1005Metric.wrl
08-19 17:10:44 com_github_MitjaNemec_Archive3DModels.archive_3d_models 136:Remapping: ${KICAD6_3DMODEL_DIR}/Resistor_SMD.3dshapes/R_0402_1005Metric.wrl
08-19 17:10:44 com_github_MitjaNemec_Archive3DModels.archive_3d_models 45:Getting 3D models for footprint of: C315
08-19 17:10:44 com_github_MitjaNemec_Archive3DModels.archive_3d_models 56:Trying to copy: ${KICAD6_3DMODEL_DIR}/Capacitor_SMD.3dshapes/C_1210_3225Metric.wrl
08-19 17:10:44 com_github_MitjaNemec_Archive3DModels.archive_3d_models 136:Remapping: ${KICAD6_3DMODEL_DIR}/Capacitor_SMD.3dshapes/C_1210_3225Metric.wrl
08-19 17:10:44 com_github_MitjaNemec_Archive3DModels.archive_3d_models 45:Getting 3D models for footprint of: R308
08-19 17:10:44 com_github_MitjaNemec_Archive3DModels.archive_3d_models 56:Trying to copy: ${KICAD6_3DMODEL_DIR}/Resistor_SMD.3dshapes/R_0402_1005Metric.wrl
08-19 17:10:44 com_github_MitjaNemec_Archive3DModels.archive_3d_models 136:Remapping: ${KICAD6_3DMODEL_DIR}/Resistor_SMD.3dshapes/R_0402_1005Metric.wrl
08-19 17:10:44 com_github_MitjaNemec_Archive3DModels.archive_3d_models 45:Getting 3D models for footprint of: R310
08-19 17:10:44 com_github_MitjaNemec_Archive3DModels.archive_3d_models 56:Trying to copy: ${KICAD6_3DMODEL_DIR}/Resistor_SMD.3dshapes/R_0402_1005Metric.wrl
08-19 17:10:44 com_github_MitjaNemec_Archive3DModels.archive_3d_models 136:Remapping: ${KICAD6_3DMODEL_DIR}/Resistor_SMD.3dshapes/R_0402_1005Metric.wrl
08-19 17:10:44 com_github_MitjaNemec_Archive3DModels.archive_3d_models 45:Getting 3D models for footprint of: R304
08-19 17:10:44 com_github_MitjaNemec_Archive3DModels.archive_3d_models 56:Trying to copy: ${KICAD6_3DMODEL_DIR}/Resistor_SMD.3dshapes/R_0402_1005Metric.wrl
08-19 17:10:44 com_github_MitjaNemec_Archive3DModels.archive_3d_models 136:Remapping: ${KICAD6_3DMODEL_DIR}/Resistor_SMD.3dshapes/R_0402_1005Metric.wrl
08-19 17:10:44 com_github_MitjaNemec_Archive3DModels.archive_3d_models 45:Getting 3D models for footprint of: D304
08-19 17:10:44 com_github_MitjaNemec_Archive3DModels.archive_3d_models 56:Trying to copy: ${KICAD6_3DMODEL_DIR}/Diode_SMD.3dshapes/D_PowerDI-123.wrl
08-19 17:10:44 com_github_MitjaNemec_Archive3DModels.archive_3d_models 136:Remapping: ${KICAD6_3DMODEL_DIR}/Diode_SMD.3dshapes/D_PowerDI-123.wrl
08-19 17:10:44 com_github_MitjaNemec_Archive3DModels.archive_3d_models 45:Getting 3D models for footprint of: R410
08-19 17:10:44 com_github_MitjaNemec_Archive3DModels.archive_3d_models 56:Trying to copy: ${KICAD6_3DMODEL_DIR}/Resistor_SMD.3dshapes/R_0402_1005Metric.wrl
08-19 17:10:44 com_github_MitjaNemec_Archive3DModels.archive_3d_models 136:Remapping: ${KICAD6_3DMODEL_DIR}/Resistor_SMD.3dshapes/R_0402_1005Metric.wrl
08-19 17:10:44 com_github_MitjaNemec_Archive3DModels.archive_3d_models 45:Getting 3D models for footprint of: H401
08-19 17:10:44 com_github_MitjaNemec_Archive3DModels.archive_3d_models 45:Getting 3D models for footprint of: C318
08-19 17:10:44 com_github_MitjaNemec_Archive3DModels.archive_3d_models 56:Trying to copy: ${KICAD6_3DMODEL_DIR}/Capacitor_SMD.3dshapes/C_1210_3225Metric.wrl
08-19 17:10:44 com_github_MitjaNemec_Archive3DModels.archive_3d_models 136:Remapping: ${KICAD6_3DMODEL_DIR}/Capacitor_SMD.3dshapes/C_1210_3225Metric.wrl
08-19 17:10:44 com_github_MitjaNemec_Archive3DModels.archive_3d_models 45:Getting 3D models for footprint of: TP304
08-19 17:10:44 com_github_MitjaNemec_Archive3DModels.archive_3d_models 45:Getting 3D models for footprint of: Q401
08-19 17:10:44 com_github_MitjaNemec_Archive3DModels.archive_3d_models 56:Trying to copy: ${KICAD7_3DMODEL_DIR}/Package_DFN_QFN.3dshapes/DFN-6-1EP_3x2mm_Pitch0.5mm.step
08-19 17:10:44 com_github_MitjaNemec_Archive3DModels.archive_3d_models 136:Remapping: ${KICAD7_3DMODEL_DIR}/Package_DFN_QFN.3dshapes/DFN-6-1EP_3x2mm_Pitch0.5mm.step
08-19 17:10:44 com_github_MitjaNemec_Archive3DModels.archive_3d_models 45:Getting 3D models for footprint of: R413
08-19 17:10:44 com_github_MitjaNemec_Archive3DModels.archive_3d_models 56:Trying to copy: ${KICAD6_3DMODEL_DIR}/Resistor_SMD.3dshapes/R_0402_1005Metric.wrl
08-19 17:10:44 com_github_MitjaNemec_Archive3DModels.archive_3d_models 136:Remapping: ${KICAD6_3DMODEL_DIR}/Resistor_SMD.3dshapes/R_0402_1005Metric.wrl
08-19 17:10:44 com_github_MitjaNemec_Archive3DModels.archive_3d_models 45:Getting 3D models for footprint of: C310
08-19 17:10:44 com_github_MitjaNemec_Archive3DModels.archive_3d_models 56:Trying to copy: ${KICAD6_3DMODEL_DIR}/Capacitor_SMD.3dshapes/C_0603_1608Metric.wrl
08-19 17:10:44 com_github_MitjaNemec_Archive3DModels.archive_3d_models 136:Remapping: ${KICAD6_3DMODEL_DIR}/Capacitor_SMD.3dshapes/C_0603_1608Metric.wrl
08-19 17:10:44 com_github_MitjaNemec_Archive3DModels.archive_3d_models 45:Getting 3D models for footprint of: D302
08-19 17:10:44 com_github_MitjaNemec_Archive3DModels.archive_3d_models 56:Trying to copy: ${KICAD6_3DMODEL_DIR}/Diode_SMD.3dshapes/D_PowerDI-123.wrl
08-19 17:10:44 com_github_MitjaNemec_Archive3DModels.archive_3d_models 136:Remapping: ${KICAD6_3DMODEL_DIR}/Diode_SMD.3dshapes/D_PowerDI-123.wrl
08-19 17:10:44 com_github_MitjaNemec_Archive3DModels.archive_3d_models 45:Getting 3D models for footprint of: NT301
08-19 17:10:44 com_github_MitjaNemec_Archive3DModels.archive_3d_models 45:Getting 3D models for footprint of: TP305
08-19 17:10:44 com_github_MitjaNemec_Archive3DModels.archive_3d_models 45:Getting 3D models for footprint of: C205
08-19 17:10:44 com_github_MitjaNemec_Archive3DModels.archive_3d_models 56:Trying to copy: ${KICAD6_3DMODEL_DIR}/Capacitor_SMD.3dshapes/C_0402_1005Metric.wrl
08-19 17:10:44 com_github_MitjaNemec_Archive3DModels.archive_3d_models 136:Remapping: ${KICAD6_3DMODEL_DIR}/Capacitor_SMD.3dshapes/C_0402_1005Metric.wrl
08-19 17:10:44 com_github_MitjaNemec_Archive3DModels.archive_3d_models 45:Getting 3D models for footprint of: C306
08-19 17:10:44 com_github_MitjaNemec_Archive3DModels.archive_3d_models 56:Trying to copy: ${KICAD6_3DMODEL_DIR}/Capacitor_SMD.3dshapes/C_1210_3225Metric.wrl
08-19 17:10:44 com_github_MitjaNemec_Archive3DModels.archive_3d_models 136:Remapping: ${KICAD6_3DMODEL_DIR}/Capacitor_SMD.3dshapes/C_1210_3225Metric.wrl
08-19 17:10:44 com_github_MitjaNemec_Archive3DModels.archive_3d_models 45:Getting 3D models for footprint of: R416
08-19 17:10:44 com_github_MitjaNemec_Archive3DModels.archive_3d_models 56:Trying to copy: ${KICAD6_3DMODEL_DIR}/Resistor_SMD.3dshapes/R_0402_1005Metric.wrl
08-19 17:10:44 com_github_MitjaNemec_Archive3DModels.archive_3d_models 136:Remapping: ${KICAD6_3DMODEL_DIR}/Resistor_SMD.3dshapes/R_0402_1005Metric.wrl
08-19 17:10:44 com_github_MitjaNemec_Archive3DModels.archive_3d_models 45:Getting 3D models for footprint of: R301
08-19 17:10:44 com_github_MitjaNemec_Archive3DModels.archive_3d_models 56:Trying to copy: ${KICAD6_3DMODEL_DIR}/Resistor_SMD.3dshapes/R_0402_1005Metric.wrl
08-19 17:10:44 com_github_MitjaNemec_Archive3DModels.archive_3d_models 136:Remapping: ${KICAD6_3DMODEL_DIR}/Resistor_SMD.3dshapes/R_0402_1005Metric.wrl
08-19 17:10:44 com_github_MitjaNemec_Archive3DModels.archive_3d_models 45:Getting 3D models for footprint of: H404
08-19 17:10:44 com_github_MitjaNemec_Archive3DModels.archive_3d_models 45:Getting 3D models for footprint of: R309
08-19 17:10:44 com_github_MitjaNemec_Archive3DModels.archive_3d_models 56:Trying to copy: ${KICAD6_3DMODEL_DIR}/Resistor_SMD.3dshapes/R_0402_1005Metric.wrl
08-19 17:10:44 com_github_MitjaNemec_Archive3DModels.archive_3d_models 136:Remapping: ${KICAD6_3DMODEL_DIR}/Resistor_SMD.3dshapes/R_0402_1005Metric.wrl
08-19 17:10:44 com_github_MitjaNemec_Archive3DModels.archive_3d_models 45:Getting 3D models for footprint of: R406
08-19 17:10:44 com_github_MitjaNemec_Archive3DModels.archive_3d_models 56:Trying to copy: ${KICAD6_3DMODEL_DIR}/Resistor_SMD.3dshapes/R_0402_1005Metric.wrl
08-19 17:10:44 com_github_MitjaNemec_Archive3DModels.archive_3d_models 136:Remapping: ${KICAD6_3DMODEL_DIR}/Resistor_SMD.3dshapes/R_0402_1005Metric.wrl
08-19 17:10:44 com_github_MitjaNemec_Archive3DModels.archive_3d_models 45:Getting 3D models for footprint of: L302
08-19 17:10:44 com_github_MitjaNemec_Archive3DModels.archive_3d_models 56:Trying to copy: /home/air/.kicad/kicad-library/3d_models/vls6045af.step
08-19 17:10:44 com_github_MitjaNemec_Archive3DModels.archive_3d_models 136:Remapping: /home/air/.kicad/kicad-library/3d_models/vls6045af.step
08-19 17:10:44 com_github_MitjaNemec_Archive3DModels.archive_3d_models 45:Getting 3D models for footprint of: C406
08-19 17:10:44 com_github_MitjaNemec_Archive3DModels.archive_3d_models 56:Trying to copy: ${KICAD6_3DMODEL_DIR}/Capacitor_SMD.3dshapes/C_0603_1608Metric.wrl
08-19 17:10:44 com_github_MitjaNemec_Archive3DModels.archive_3d_models 136:Remapping: ${KICAD6_3DMODEL_DIR}/Capacitor_SMD.3dshapes/C_0603_1608Metric.wrl
08-19 17:10:44 com_github_MitjaNemec_Archive3DModels.archive_3d_models 45:Getting 3D models for footprint of: C319
08-19 17:10:44 com_github_MitjaNemec_Archive3DModels.archive_3d_models 56:Trying to copy: ${KICAD6_3DMODEL_DIR}/Capacitor_SMD.3dshapes/C_1210_3225Metric.wrl
08-19 17:10:44 com_github_MitjaNemec_Archive3DModels.archive_3d_models 136:Remapping: ${KICAD6_3DMODEL_DIR}/Capacitor_SMD.3dshapes/C_1210_3225Metric.wrl
08-19 17:10:44 com_github_MitjaNemec_Archive3DModels.archive_3d_models 45:Getting 3D models for footprint of: R402
08-19 17:10:44 com_github_MitjaNemec_Archive3DModels.archive_3d_models 56:Trying to copy: ${KICAD6_3DMODEL_DIR}/Resistor_SMD.3dshapes/R_0402_1005Metric.wrl
08-19 17:10:44 com_github_MitjaNemec_Archive3DModels.archive_3d_models 136:Remapping: ${KICAD6_3DMODEL_DIR}/Resistor_SMD.3dshapes/R_0402_1005Metric.wrl
08-19 17:10:44 com_github_MitjaNemec_Archive3DModels.archive_3d_models 45:Getting 3D models for footprint of: H403
08-19 17:10:44 com_github_MitjaNemec_Archive3DModels.archive_3d_models 45:Getting 3D models for footprint of: R313
08-19 17:10:44 com_github_MitjaNemec_Archive3DModels.archive_3d_models 56:Trying to copy: ${KICAD6_3DMODEL_DIR}/Resistor_SMD.3dshapes/R_0402_1005Metric.wrl
08-19 17:10:44 com_github_MitjaNemec_Archive3DModels.archive_3d_models 136:Remapping: ${KICAD6_3DMODEL_DIR}/Resistor_SMD.3dshapes/R_0402_1005Metric.wrl
08-19 17:10:44 com_github_MitjaNemec_Archive3DModels.archive_3d_models 45:Getting 3D models for footprint of: C317
08-19 17:10:44 com_github_MitjaNemec_Archive3DModels.archive_3d_models 56:Trying to copy: ${KICAD6_3DMODEL_DIR}/Capacitor_SMD.3dshapes/C_1210_3225Metric.wrl
08-19 17:10:44 com_github_MitjaNemec_Archive3DModels.archive_3d_models 136:Remapping: ${KICAD6_3DMODEL_DIR}/Capacitor_SMD.3dshapes/C_1210_3225Metric.wrl
08-19 17:10:44 com_github_MitjaNemec_Archive3DModels.archive_3d_models 45:Getting 3D models for footprint of: D301
08-19 17:10:44 com_github_MitjaNemec_Archive3DModels.archive_3d_models 56:Trying to copy: ${KICAD6_3DMODEL_DIR}/Diode_SMD.3dshapes/D_PowerDI-123.wrl
08-19 17:10:44 com_github_MitjaNemec_Archive3DModels.archive_3d_models 136:Remapping: ${KICAD6_3DMODEL_DIR}/Diode_SMD.3dshapes/D_PowerDI-123.wrl
08-19 17:10:44 com_github_MitjaNemec_Archive3DModels.archive_3d_models 45:Getting 3D models for footprint of: G202
08-19 17:10:44 com_github_MitjaNemec_Archive3DModels.archive_3d_models 56:Trying to copy: /home/air/.kicad/kicad-library/3d_models/s7061-46r/s7061-46r.stp
08-19 17:10:44 com_github_MitjaNemec_Archive3DModels.archive_3d_models 136:Remapping: /home/air/.kicad/kicad-library/3d_models/s7061-46r/s7061-46r.stp
08-19 17:10:44 com_github_MitjaNemec_Archive3DModels.archive_3d_models 45:Getting 3D models for footprint of: G201
08-19 17:10:44 com_github_MitjaNemec_Archive3DModels.archive_3d_models 56:Trying to copy: /home/air/.kicad/kicad-library/3d_models/s7061-46r/s7061-46r.stp
08-19 17:10:44 com_github_MitjaNemec_Archive3DModels.archive_3d_models 136:Remapping: /home/air/.kicad/kicad-library/3d_models/s7061-46r/s7061-46r.stp
08-19 17:10:44 com_github_MitjaNemec_Archive3DModels.archive_3d_models 45:Getting 3D models for footprint of: G301
08-19 17:10:44 com_github_MitjaNemec_Archive3DModels.archive_3d_models 56:Trying to copy: /home/air/.kicad/kicad-library/3d_models/s7061-46r/s7061-46r.stp
08-19 17:10:44 com_github_MitjaNemec_Archive3DModels.archive_3d_models 136:Remapping: /home/air/.kicad/kicad-library/3d_models/s7061-46r/s7061-46r.stp
