2023-09-04 17:55:48,455 [INFO] Activator:176 - 


2023-09-04 17:55:48,456 [INFO] Activator:177 - !SESSION log4j initialized
2023-09-04 17:55:54,920 [INFO] LogOutputStream:77 - [STDOUT_REDIRECT] 
2023-09-04 17:55:56,359 [INFO] ApplicationProperties:184 - Using Application install path: /opt/stm32cubeide/plugins/com.st.stm32cube.common.mx_6.9.1.202307191849
2023-09-04 17:55:56,368 [INFO] DbMcusXml:78 - Set database path to: /opt/stm32cubeide/plugins/com.st.stm32cube.common.mx_6.9.1.202307191849//db//mcu/
2023-09-04 17:55:56,369 [INFO] ApiDb:274 - Set plugin database path to: /opt/stm32cubeide/plugins/com.st.stm32cube.common.mx_6.9.1.202307191849//db//plugins/boardmanager/
2023-09-04 17:55:56,369 [WARN] ApiDb:259 - Overriding images path with different value:  => /opt/stm32cubeide/plugins/com.st.stm32cube.common.mx_6.9.1.202307191849//db//plugins/mcufinder/images/
2023-09-04 17:55:56,774 [WARN] ApiFinderProperties:113 - /home/air/.stmcufinder/plugins/mcufinder/mcu/mcuFinder.mfd doesn't exist
2023-09-04 17:55:56,775 [INFO] ApiDb:250 - Set database path to: /home/air/.stmcufinder/plugins/mcufinder//mcu/
2023-09-04 17:55:56,775 [INFO] DbMcusAds:125 - Set database path to: /home/air/.stmcufinder/plugins/mcufinder//mcu/
2023-09-04 17:55:56,777 [INFO] CrossReferenceDbSqlite:203 - Set database path to: /home/air/.stmcufinder/plugins/mcufinder//mcu/cs/
2023-09-04 17:55:56,839 [INFO] RulesReader:64 - Compatibility file has been processed (293 Rules)
2023-09-04 17:55:56,868 [INFO] DbMcusXml:78 - Set database path to: /opt/stm32cubeide/plugins/com.st.stm32cube.common.mx_6.9.1.202307191849//db//mcu/
2023-09-04 17:55:56,868 [INFO] ApiDb:274 - Set plugin database path to: /opt/stm32cubeide/plugins/com.st.stm32cube.common.mx_6.9.1.202307191849//db//plugins/boardmanager/
2023-09-04 17:55:56,868 [INFO] ApiDb:261 - Set plugin images path to: /opt/stm32cubeide/plugins/com.st.stm32cube.common.mx_6.9.1.202307191849//db//plugins/mcufinder/images/
2023-09-04 17:55:56,868 [WARN] DbFile:41 - Overriding database path with different value: /home/air/.stmcufinder/plugins/mcufinder/ => /home/air/.stmcufinder/plugins/mcufinder
2023-09-04 17:55:56,868 [INFO] ApiDb:250 - Set database path to: /home/air/.stmcufinder/plugins/mcufinder//mcu/
2023-09-04 17:55:56,868 [WARN] DbFile:41 - Overriding database path with different value: /home/air/.stmcufinder/plugins/mcufinder/ => /home/air/.stmcufinder/plugins/mcufinder
2023-09-04 17:55:56,868 [INFO] DbMcusAds:125 - Set database path to: /home/air/.stmcufinder/plugins/mcufinder//mcu/
2023-09-04 17:55:56,868 [WARN] DbFile:41 - Overriding database path with different value: /home/air/.stmcufinder/plugins/mcufinder/ => /home/air/.stmcufinder/plugins/mcufinder
2023-09-04 17:55:56,868 [WARN] DbFile:41 - Overriding database path with different value: /home/air/.stmcufinder/plugins/mcufinder/ => /home/air/.stmcufinder/plugins/mcufinder
2023-09-04 17:55:56,869 [INFO] CrossReferenceDbSqlite:203 - Set database path to: /home/air/.stmcufinder/plugins/mcufinder//mcu/cs/
2023-09-04 17:55:56,907 [INFO] MainPanel:262 - HeapMemory: 268435456
2023-09-04 17:55:56,950 [INFO] DbMcusXml:78 - Set database path to: /opt/stm32cubeide/plugins/com.st.stm32cube.common.mx_6.9.1.202307191849//db//mcu/
2023-09-04 17:55:56,950 [INFO] ApiDb:274 - Set plugin database path to: /opt/stm32cubeide/plugins/com.st.stm32cube.common.mx_6.9.1.202307191849//db//plugins/boardmanager/
2023-09-04 17:55:56,950 [INFO] ApiDb:261 - Set plugin images path to: /opt/stm32cubeide/plugins/com.st.stm32cube.common.mx_6.9.1.202307191849//db//plugins/mcufinder/images/
2023-09-04 17:55:56,950 [WARN] DbFile:41 - Overriding database path with different value: /home/air/.stmcufinder/plugins/mcufinder/ => /home/air/.stmcufinder/plugins/mcufinder
2023-09-04 17:55:56,950 [INFO] ApiDb:250 - Set database path to: /home/air/.stmcufinder/plugins/mcufinder//mcu/
2023-09-04 17:55:56,950 [WARN] DbFile:41 - Overriding database path with different value: /home/air/.stmcufinder/plugins/mcufinder/ => /home/air/.stmcufinder/plugins/mcufinder
2023-09-04 17:55:56,950 [INFO] DbMcusAds:125 - Set database path to: /home/air/.stmcufinder/plugins/mcufinder//mcu/
2023-09-04 17:55:56,950 [WARN] DbFile:41 - Overriding database path with different value: /home/air/.stmcufinder/plugins/mcufinder/ => /home/air/.stmcufinder/plugins/mcufinder
2023-09-04 17:55:56,950 [WARN] DbFile:41 - Overriding database path with different value: /home/air/.stmcufinder/plugins/mcufinder/ => /home/air/.stmcufinder/plugins/mcufinder
2023-09-04 17:55:56,951 [INFO] CrossReferenceDbSqlite:203 - Set database path to: /home/air/.stmcufinder/plugins/mcufinder//mcu/cs/
2023-09-04 17:55:56,959 [INFO] ApplicationProperties:184 - Using Application install path: /opt/stm32cubeide/plugins/com.st.stm32cube.common.mx_6.9.1.202307191849
2023-09-04 17:55:56,959 [INFO] PluginManage:196 - Search for loadable plugins [exclusion list=, ]
2023-09-04 17:55:56,960 [INFO] PluginManage:310 - Check plugin analytics
2023-09-04 17:55:57,048 [INFO] AnalyticsPlugin:253 - Accepted Software Licenses: 
2023-09-04 17:55:57,048 [INFO] AnalyticsPlugin:255 - Accepted CMSIS Pack Licenses: 
2023-09-04 17:55:57,048 [INFO] AnalyticsPlugin:257 - Accepted Firmware Licenses: 
2023-09-04 17:55:57,050 [INFO] PluginManage:359 - Loaded plugin analytics (category:tool,tabindex:-1)
2023-09-04 17:55:57,050 [INFO] PluginManage:310 - Check plugin cadmodel
2023-09-04 17:55:57,075 [INFO] CADModel:105 - Init CAD model plugin
2023-09-04 17:55:57,075 [INFO] PluginManage:359 - Loaded plugin cadmodel (category:power,tabindex:5)
2023-09-04 17:55:57,075 [INFO] PluginManage:310 - Check plugin clock
2023-09-04 17:55:57,080 [INFO] PluginManage:359 - Loaded plugin clock (category:base,tabindex:2)
2023-09-04 17:55:57,080 [INFO] PluginManage:310 - Check plugin ddr
2023-09-04 17:55:57,081 [INFO] PluginManage:359 - Loaded plugin ddr (category:tool,tabindex:6)
2023-09-04 17:55:57,081 [INFO] PluginManage:310 - Check plugin filemanager
2023-09-04 17:55:57,152 [INFO] PluginManage:359 - Loaded plugin filemanager (category:base,tabindex:10)
2023-09-04 17:55:57,152 [INFO] PluginManage:310 - Check plugin ipmanager
2023-09-04 17:55:57,155 [INFO] PluginManage:359 - Loaded plugin ipmanager (category:base,tabindex:5)
2023-09-04 17:55:57,155 [INFO] PluginManage:310 - Check plugin lpbam
2023-09-04 17:55:57,159 [INFO] PluginManage:359 - Loaded plugin lpbam (category:base,tabindex:0)
2023-09-04 17:55:57,159 [INFO] PluginManage:310 - Check plugin memorymap
2023-09-04 17:55:57,165 [INFO] PluginManage:359 - Loaded plugin memorymap (category:base,tabindex:4)
2023-09-04 17:55:57,165 [INFO] PluginManage:310 - Check plugin pinoutandconfiguration
2023-09-04 17:55:57,168 [INFO] PluginManage:359 - Loaded plugin pinoutandconfiguration (category:base,tabindex:1)
2023-09-04 17:55:57,168 [INFO] PluginManage:310 - Check plugin pinoutconfig
2023-09-04 17:55:57,213 [WARN] SupportedApi:132 - Cannot load RTOS API schema: s4s-elt-must-match.1: The content of 'definitions' must match (annotation?, (simpleType | complexType)?, (unique | key | keyref)*)). A problem was found starting at: attribute.
2023-09-04 17:55:57,303 [INFO] PluginManage:359 - Loaded plugin pinoutconfig (category:base,tabindex:0)
2023-09-04 17:55:57,303 [INFO] PluginManage:310 - Check plugin power
2023-09-04 17:55:57,307 [INFO] PluginManage:359 - Loaded plugin power (category:power,tabindex:4)
2023-09-04 17:55:57,308 [INFO] PluginManage:310 - Check plugin projectmanager
2023-09-04 17:55:57,316 [INFO] PluginManage:359 - Loaded plugin projectmanager (category:projectmanager,tabindex:3)
2023-09-04 17:55:57,317 [INFO] PluginManage:310 - Check plugin thirdparty
2023-09-04 17:55:57,380 [WARN] IntegrityCheckThread:84 - waiting for thirdparty lock release [integrity check]
2023-09-04 17:55:57,380 [INFO] PluginManage:359 - Loaded plugin thirdparty (category:base,tabindex:-1)
2023-09-04 17:55:57,381 [INFO] IntegrityCheckThread:86 - entering critical section [integrity check]
2023-09-04 17:55:57,381 [INFO] PluginManage:310 - Check plugin tools
2023-09-04 17:55:57,381 [INFO] ThirdPartyUpdaterWithRetryManager:70 - Updater plugin not ready yet. [1/15]
2023-09-04 17:55:57,382 [INFO] PluginManage:359 - Loaded plugin tools (category:base,tabindex:7)
2023-09-04 17:55:57,382 [INFO] PluginManage:310 - Check plugin tutovideos
2023-09-04 17:55:57,492 [INFO] PluginManage:359 - Loaded plugin tutovideos (category:base,tabindex:-1)
2023-09-04 17:55:57,492 [INFO] PluginManage:310 - Check plugin updater
2023-09-04 17:55:57,498 [INFO] PluginManage:359 - Loaded plugin updater (category:base,tabindex:12)
2023-09-04 17:55:57,498 [INFO] PluginManage:310 - Check plugin userauth
2023-09-04 17:55:57,501 [INFO] UserAuth:113 - Init User Auth plugin
2023-09-04 17:55:57,501 [INFO] PluginManage:359 - Loaded plugin userauth (category:base,tabindex:14)
2023-09-04 17:55:57,501 [INFO] PluginManage:283 - PluginManage : Loaded plugins [17]
2023-09-04 17:55:57,622 [INFO] PinOutPanel:1499 - setPackage(No Configuration,No Configuration)
2023-09-04 17:55:57,675 [INFO] CADModel:165 - CPN selected for project level
2023-09-04 17:55:57,675 [INFO] CADModel:114 - Register for checkConnection events
2023-09-04 17:55:57,681 [INFO] IPUIPlugin:80 - create IPUIPlugin
2023-09-04 17:55:57,681 [INFO] PluginManager:220 - loadIPPluginJar : add tsc
2023-09-04 17:55:57,682 [INFO] IPUIPlugin:80 - create IPUIPlugin
2023-09-04 17:55:57,682 [INFO] PluginManager:220 - loadIPPluginJar : add genericplugin
2023-09-04 17:55:57,683 [INFO] IPUIPlugin:80 - create IPUIPlugin
2023-09-04 17:55:57,683 [INFO] PluginManager:220 - loadIPPluginJar : add tracer_emb
2023-09-04 17:55:57,684 [INFO] IPUIPlugin:80 - create IPUIPlugin
2023-09-04 17:55:57,684 [INFO] PluginManager:220 - loadIPPluginJar : add dfsdm
2023-09-04 17:55:57,685 [INFO] IPUIPlugin:80 - create IPUIPlugin
2023-09-04 17:55:57,685 [INFO] PluginManager:220 - loadIPPluginJar : add quadspi
2023-09-04 17:55:57,686 [INFO] IPUIPlugin:80 - create IPUIPlugin
2023-09-04 17:55:57,686 [INFO] PluginManager:220 - loadIPPluginJar : add ucpd
2023-09-04 17:55:57,690 [INFO] IPUIPlugin:80 - create IPUIPlugin
2023-09-04 17:55:57,691 [INFO] PluginManager:220 - loadIPPluginJar : add dma
2023-09-04 17:55:57,694 [INFO] IPUIPlugin:80 - create IPUIPlugin
2023-09-04 17:55:57,694 [INFO] PluginManager:220 - loadIPPluginJar : add pdm2pcm
2023-09-04 17:55:57,695 [INFO] IPUIPlugin:80 - create IPUIPlugin
2023-09-04 17:55:57,695 [INFO] PluginManager:220 - loadIPPluginJar : add usbx
2023-09-04 17:55:57,699 [INFO] IPUIPlugin:80 - create IPUIPlugin
2023-09-04 17:55:57,699 [INFO] PluginManager:220 - loadIPPluginJar : add fmc
2023-09-04 17:55:57,701 [INFO] IPUIPlugin:80 - create IPUIPlugin
2023-09-04 17:55:57,701 [INFO] PluginManager:220 - loadIPPluginJar : add nvic
2023-09-04 17:55:57,703 [INFO] IPUIPlugin:80 - create IPUIPlugin
2023-09-04 17:55:57,703 [INFO] PluginManager:220 - loadIPPluginJar : add can
2023-09-04 17:55:57,704 [INFO] IPUIPlugin:80 - create IPUIPlugin
2023-09-04 17:55:57,704 [INFO] PluginManager:220 - loadIPPluginJar : add resmgrutility
2023-09-04 17:55:57,705 [INFO] IPUIPlugin:80 - create IPUIPlugin
2023-09-04 17:55:57,705 [INFO] PluginManager:220 - loadIPPluginJar : add ltdc
2023-09-04 17:55:57,706 [INFO] IPUIPlugin:80 - create IPUIPlugin
2023-09-04 17:55:57,706 [INFO] PluginManager:220 - loadIPPluginJar : add spi
2023-09-04 17:55:57,708 [INFO] IPUIPlugin:80 - create IPUIPlugin
2023-09-04 17:55:57,708 [INFO] PluginManager:220 - loadIPPluginJar : add ipddr
2023-09-04 17:55:57,711 [INFO] IPUIPlugin:80 - create IPUIPlugin
2023-09-04 17:55:57,711 [INFO] PluginManager:220 - loadIPPluginJar : add gic
2023-09-04 17:55:57,712 [INFO] IPUIPlugin:80 - create IPUIPlugin
2023-09-04 17:55:57,712 [INFO] PluginManager:220 - loadIPPluginJar : add tim
2023-09-04 17:55:57,714 [INFO] IPUIPlugin:80 - create IPUIPlugin
2023-09-04 17:55:57,714 [INFO] PluginManager:220 - loadIPPluginJar : add i2s
2023-09-04 17:55:57,717 [INFO] IPUIPlugin:80 - create IPUIPlugin
2023-09-04 17:55:57,717 [INFO] PluginManager:220 - loadIPPluginJar : add freertos
2023-09-04 17:55:57,718 [INFO] IPUIPlugin:80 - create IPUIPlugin
2023-09-04 17:55:57,718 [INFO] PluginManager:220 - loadIPPluginJar : add gfxmmu
2023-09-04 17:55:57,722 [INFO] IPUIPlugin:80 - create IPUIPlugin
2023-09-04 17:55:57,722 [INFO] PluginManager:220 - loadIPPluginJar : add mdma
2023-09-04 17:55:57,723 [INFO] IPUIPlugin:80 - create IPUIPlugin
2023-09-04 17:55:57,723 [INFO] PluginManager:220 - loadIPPluginJar : add cryp
2023-09-04 17:55:57,724 [INFO] IPUIPlugin:80 - create IPUIPlugin
2023-09-04 17:55:57,724 [INFO] PluginManager:220 - loadIPPluginJar : add aes
2023-09-04 17:55:57,727 [INFO] IPUIPlugin:80 - create IPUIPlugin
2023-09-04 17:55:57,727 [INFO] PluginManager:220 - loadIPPluginJar : add stm32_wpan
2023-09-04 17:55:57,728 [INFO] IPUIPlugin:80 - create IPUIPlugin
2023-09-04 17:55:57,728 [INFO] PluginManager:220 - loadIPPluginJar : add fatfs
2023-09-04 17:55:57,729 [INFO] IPUIPlugin:80 - create IPUIPlugin
2023-09-04 17:55:57,730 [INFO] PluginManager:220 - loadIPPluginJar : add touchsensing
2023-09-04 17:55:57,731 [INFO] IPUIPlugin:80 - create IPUIPlugin
2023-09-04 17:55:57,731 [INFO] PluginManager:220 - loadIPPluginJar : add dma3
2023-09-04 17:55:57,732 [INFO] IPUIPlugin:80 - create IPUIPlugin
2023-09-04 17:55:57,732 [INFO] PluginManager:220 - loadIPPluginJar : add opamp
2023-09-04 17:55:57,734 [INFO] IPUIPlugin:80 - create IPUIPlugin
2023-09-04 17:55:57,734 [INFO] PluginManager:220 - loadIPPluginJar : add sai
2023-09-04 17:55:57,735 [INFO] IPUIPlugin:80 - create IPUIPlugin
2023-09-04 17:55:57,735 [INFO] PluginManager:220 - loadIPPluginJar : add i2c
2023-09-04 17:55:57,737 [INFO] IPUIPlugin:80 - create IPUIPlugin
2023-09-04 17:55:57,737 [INFO] PluginManager:220 - loadIPPluginJar : add gtzc
2023-09-04 17:55:57,739 [INFO] IPUIPlugin:80 - create IPUIPlugin
2023-09-04 17:55:57,739 [INFO] PluginManager:220 - loadIPPluginJar : add gpio
2023-09-04 17:55:57,740 [INFO] IPUIPlugin:80 - create IPUIPlugin
2023-09-04 17:55:57,740 [INFO] PluginManager:220 - loadIPPluginJar : add comp
2023-09-04 17:55:57,744 [INFO] IPUIPlugin:80 - create IPUIPlugin
2023-09-04 17:55:57,745 [INFO] PluginManager:220 - loadIPPluginJar : add plateformsettings
2023-09-04 17:55:57,747 [INFO] IPUIPlugin:80 - create IPUIPlugin
2023-09-04 17:55:57,747 [INFO] PluginManager:220 - loadIPPluginJar : add usart
2023-09-04 17:55:57,751 [INFO] IPUIPlugin:80 - create IPUIPlugin
2023-09-04 17:55:57,751 [INFO] PluginManager:220 - loadIPPluginJar : add linkedlist
2023-09-04 17:55:57,755 [INFO] IPUIPlugin:80 - create IPUIPlugin
2023-09-04 17:55:57,755 [INFO] PluginManager:220 - loadIPPluginJar : add adc
2023-09-04 17:55:57,757 [INFO] IPUIPlugin:80 - create IPUIPlugin
2023-09-04 17:55:57,757 [INFO] PluginManager:220 - loadIPPluginJar : add i3c
2023-09-04 17:55:57,758 [INFO] IPUIPlugin:80 - create IPUIPlugin
2023-09-04 17:55:57,758 [INFO] PluginManager:220 - loadIPPluginJar : add hash
2023-09-04 17:55:57,759 [INFO] IPUIPlugin:80 - create IPUIPlugin
2023-09-04 17:55:57,759 [INFO] PluginManager:220 - loadIPPluginJar : add openamp
2023-09-04 17:55:57,760 [INFO] IPUIPlugin:80 - create IPUIPlugin
2023-09-04 17:55:57,760 [INFO] PluginManager:220 - loadIPPluginJar : add ts
2023-09-04 17:55:57,761 [INFO] IPUIPlugin:80 - create IPUIPlugin
2023-09-04 17:55:57,761 [INFO] PluginManager:220 - loadIPPluginJar : add lorawan
2023-09-04 17:55:57,851 [INFO] CADModel:165 - CPN selected for project level
2023-09-04 17:55:57,852 [INFO] CADModel:114 - Register for checkConnection events
2023-09-04 17:55:57,852 [FATAL] Updater:308 - Updater called before beeing initialized
2023-09-04 17:55:57,852 [ERROR] CADModel:125 - Updater not yet initialized, retry later 
2023-09-04 17:55:57,937 [INFO] CADModel:165 - CPN selected for project level
2023-09-04 17:55:57,937 [INFO] CADModel:114 - Register for checkConnection events
2023-09-04 17:55:57,937 [FATAL] Updater:308 - Updater called before beeing initialized
2023-09-04 17:55:57,937 [ERROR] CADModel:125 - Updater not yet initialized, retry later 
2023-09-04 17:55:57,939 [FATAL] Updater:308 - Updater called before beeing initialized
2023-09-04 17:55:57,990 [FATAL] Updater:308 - Updater called before beeing initialized
2023-09-04 17:55:57,994 [INFO] DbMcusAds:53 - JSON generation date=Thu Sep 30 02:55:09 EDT 2021 (1632984909247)
2023-09-04 17:55:57,994 [FATAL] Updater:308 - Updater called before beeing initialized
2023-09-04 17:55:58,019 [WARN] DetailPanel:346 - Failed to get advertising image, set to default
2023-09-04 17:55:58,088 [FATAL] Updater:308 - Updater called before beeing initialized
2023-09-04 17:55:58,089 [FATAL] Updater:308 - Updater called before beeing initialized
2023-09-04 17:55:58,089 [FATAL] Updater:308 - Updater called before beeing initialized
2023-09-04 17:55:58,089 [WARN] DetailPanel:346 - Failed to get advertising image, set to default
2023-09-04 17:55:58,090 [FATAL] Updater:308 - Updater called before beeing initialized
2023-09-04 17:55:58,110 [ERROR] Updater:1120 - MainUpdater not yet initialized. External WinMGr cannot be set.
2023-09-04 17:55:58,111 [INFO] Updater:1056 - Updater Version found : 6.9.1
2023-09-04 17:55:58,124 [INFO] ApplicationProperties:184 - Using Application install path: /opt/stm32cubeide/plugins/com.st.stm32cube.common.mx_6.9.1.202307191849
2023-09-04 17:55:58,143 [INFO] MainUpdater:521 - Copy updater definitions from MX database
2023-09-04 17:55:58,160 [INFO] MainUpdater:554 - Copy flag file definitions from MX database
2023-09-04 17:55:58,160 [INFO] MainUpdater:570 - Copy thirdparty index definitions from MX database
2023-09-04 17:55:58,161 [INFO] MainUpdater:589 - Copy default thirdparty db definitions from MX database
2023-09-04 17:55:59,167 [INFO] MainUpdater:2868 - connection check result : 10
2023-09-04 17:55:59,168 [INFO] MainUpdater:3562 - Updater definition file requires update
2023-09-04 17:55:59,169 [INFO] MainUpdater:285 - Updater Check For Update Now.
2023-09-04 17:55:59,170 [INFO] MicroXplorer:498 - Change Database Version : DB.6.0.91
2023-09-04 17:55:59,181 [INFO] McuFinderGlobals:63 - Set McuFinder mode to 2 (CubeIDE integrated)
2023-09-04 17:55:59,181 [INFO] UserAuth:179 - activating auth plugin
2023-09-04 17:55:59,187 [INFO] UserAuth:393 - Internet connection configuration mode: 1
2023-09-04 17:55:59,203 [INFO] JxBrowserEngine:151 - Initiate JxBrowser Engine with user profile folder
2023-09-04 17:55:59,216 [INFO] ServerAccessManage:473 - Download File updaters.zip
2023-09-04 17:55:59,325 [INFO] FileExtend:240 - Unzip File : updaters.zip
2023-09-04 17:55:59,326 [INFO] FileExtend:255 - Standard Zip Deflate
2023-09-04 17:55:59,414 [INFO] ServerAccessManage:473 - Download File PacksControlFlags.xml
2023-09-04 17:55:59,488 [INFO] ServerAccessManage:473 - Download File cubemx.pidx
2023-09-04 17:55:59,600 [INFO] ServerAccessManage:473 - Download File STMicroelectronics.FP-ATR-ASTRA1.pdsc
2023-09-04 17:55:59,908 [INFO] ServerAccessManage:473 - Download File STMicroelectronics.FP-ATR-SIGFOX1.pdsc
2023-09-04 17:56:00,022 [INFO] ServerAccessManage:473 - Download File STMicroelectronics.FP-SNS-FLIGHT1.pdsc
2023-09-04 17:56:00,164 [INFO] ServerAccessManage:473 - Download File STMicroelectronics.FP-SNS-MOTENV1.pdsc
2023-09-04 17:56:00,302 [INFO] ServerAccessManage:473 - Download File STMicroelectronics.X-CUBE-AI.pdsc
2023-09-04 17:56:00,381 [WARN] MainUpdater:1189 - Updater busy. Cannot search thirdparties
2023-09-04 17:56:00,382 [INFO] ThirdPartyUpdaterWithRetryManager:96 - Updater plugin is busy. [1/15]
2023-09-04 17:56:01,026 [INFO] ServerAccessManage:473 - Download File STMicroelectronics.X-CUBE-ALS.pdsc
2023-09-04 17:56:01,126 [INFO] WebApp:157 - Instantiating new browser for Auth
2023-09-04 17:56:01,154 [INFO] ServerAccessManage:473 - Download File STMicroelectronics.X-CUBE-BLE1.pdsc
2023-09-04 17:56:01,395 [INFO] WebApp:753 - Register for checkConnection events
2023-09-04 17:56:01,395 [INFO] WebApp:390 - Apply proxy settings
2023-09-04 17:56:01,395 [INFO] WebApp:475 - Chromium requires no authentication
2023-09-04 17:56:01,399 [INFO] WebApp:418 - Direct internet connection detected
2023-09-04 17:56:01,475 [INFO] WebApp:188 - Starting web application
2023-09-04 17:56:01,475 [INFO] WebApp:520 - Web application path used /opt/stm32cubeide/plugins/com.st.stm32cube.common.mx_6.9.1.202307191849/db/plugins/mcufinder/reactClient1/index.html
2023-09-04 17:56:01,903 [ERROR] ServerAccessManage:1089 - Problem, file not found on Server
2023-09-04 17:56:01,949 [INFO] ServerAccessManage:473 - Download File STMicroelectronics.X-CUBE-BLE2.pdsc
2023-09-04 17:56:02,456 [INFO] ServerAccessManage:473 - Download File STMicroelectronics.X-CUBE-BLEMGR.pdsc
2023-09-04 17:56:02,703 [INFO] ServerAccessManage:473 - Download File STMicroelectronics.X-CUBE-DISPLAY.pdsc
2023-09-04 17:56:03,199 [INFO] ServerAccessManage:473 - Download File STMicroelectronics.X-CUBE-EEPRMA1.pdsc
2023-09-04 17:56:03,382 [WARN] MainUpdater:1189 - Updater busy. Cannot search thirdparties
2023-09-04 17:56:03,382 [INFO] ThirdPartyUpdaterWithRetryManager:96 - Updater plugin is busy. [2/15]
2023-09-04 17:56:03,438 [ERROR] ServerAccessManage:1089 - Problem, file not found on Server
2023-09-04 17:56:03,596 [INFO] ServerAccessManage:473 - Download File STMicroelectronics.X-CUBE-FREERTOS.pdsc
2023-09-04 17:56:03,760 [INFO] ServerAccessManage:473 - Download File STMicroelectronics.X-CUBE-GNSS1.pdsc
2023-09-04 17:56:04,387 [ERROR] ServerAccessManage:1089 - Problem, file not found on Server
2023-09-04 17:56:04,623 [ERROR] ServerAccessManage:1089 - Problem, file not found on Server
2023-09-04 17:56:04,834 [ERROR] ServerAccessManage:1089 - Problem, file not found on Server
2023-09-04 17:56:05,118 [ERROR] ServerAccessManage:1089 - Problem, file not found on Server
2023-09-04 17:56:05,346 [ERROR] ServerAccessManage:1089 - Problem, file not found on Server
2023-09-04 17:56:05,712 [ERROR] ServerAccessManage:1089 - Problem, file not found on Server
2023-09-04 17:56:05,758 [INFO] ServerAccessManage:473 - Download File STMicroelectronics.X-CUBE-ISPU.pdsc
2023-09-04 17:56:05,995 [INFO] ServerAccessManage:473 - Download File STMicroelectronics.X-CUBE-MEMS1.pdsc
2023-09-04 17:56:06,383 [WARN] MainUpdater:1189 - Updater busy. Cannot search thirdparties
2023-09-04 17:56:06,383 [INFO] ThirdPartyUpdaterWithRetryManager:96 - Updater plugin is busy. [3/15]
2023-09-04 17:56:08,221 [INFO] ServerAccessManage:473 - Download File STMicroelectronics.X-CUBE-NFC4.pdsc
2023-09-04 17:56:09,236 [INFO] ServerAccessManage:473 - Download File STMicroelectronics.X-CUBE-NFC7.pdsc
2023-09-04 17:56:09,363 [INFO] ServerAccessManage:473 - Download File STMicroelectronics.X-CUBE-SFXS2LP1.pdsc
2023-09-04 17:56:09,384 [WARN] MainUpdater:1189 - Updater busy. Cannot search thirdparties
2023-09-04 17:56:09,384 [INFO] ThirdPartyUpdaterWithRetryManager:96 - Updater plugin is busy. [4/15]
2023-09-04 17:56:09,891 [INFO] ServerAccessManage:473 - Download File STMicroelectronics.X-CUBE-SUBG2.pdsc
2023-09-04 17:56:10,713 [INFO] ServerAccessManage:473 - Download File STMicroelectronics.X-CUBE-SMBUS.pdsc
2023-09-04 17:56:10,998 [ERROR] ServerAccessManage:1089 - Problem, file not found on Server
2023-09-04 17:56:11,048 [INFO] ServerAccessManage:473 - Download File STMicroelectronics.X-CUBE-TOF1.pdsc
2023-09-04 17:56:11,548 [ERROR] ServerAccessManage:1089 - Problem, file not found on Server
2023-09-04 17:56:11,684 [INFO] ServerAccessManage:473 - Download File STMicroelectronics.X-CUBE-TOUCHGFX.pdsc
2023-09-04 17:56:12,384 [WARN] MainUpdater:1189 - Updater busy. Cannot search thirdparties
2023-09-04 17:56:12,385 [INFO] ThirdPartyUpdaterWithRetryManager:96 - Updater plugin is busy. [5/15]
2023-09-04 17:56:12,573 [INFO] ServerAccessManage:473 - Download File STMicroelectronics.X-CUBE-ALGOBUILD.pdsc
2023-09-04 17:56:12,788 [INFO] ServerAccessManage:473 - Download File STMicroelectronics.X-CUBE-AZRTOS-H7.pdsc
2023-09-04 17:56:13,121 [INFO] ServerAccessManage:473 - Download File STMicroelectronics.X-CUBE-AZRTOS-F4.pdsc
2023-09-04 17:56:13,312 [INFO] ServerAccessManage:473 - Download File STMicroelectronics.X-CUBE-AZRTOS-F7.pdsc
2023-09-04 17:56:13,457 [INFO] ServerAccessManage:473 - Download File STMicroelectronics.X-CUBE-AZRTOS-L4.pdsc
2023-09-04 17:56:13,591 [INFO] ServerAccessManage:473 - Download File STMicroelectronics.X-CUBE-AZRTOS-L5.pdsc
2023-09-04 17:56:13,789 [INFO] ServerAccessManage:473 - Download File STMicroelectronics.X-CUBE-AZRTOS-G0.pdsc
2023-09-04 17:56:13,941 [INFO] ServerAccessManage:473 - Download File STMicroelectronics.X-CUBE-AZRTOS-G4.pdsc
2023-09-04 17:56:14,111 [INFO] ServerAccessManage:473 - Download File STMicroelectronics.X-CUBE-AZRTOS-WB.pdsc
2023-09-04 17:56:14,247 [INFO] ServerAccessManage:473 - Download File STMicroelectronics.X-CUBE-AZRTOS-WL.pdsc
2023-09-04 17:56:15,385 [WARN] MainUpdater:1189 - Updater busy. Cannot search thirdparties
2023-09-04 17:56:15,386 [INFO] ThirdPartyUpdaterWithRetryManager:96 - Updater plugin is busy. [6/15]
2023-09-04 17:56:18,386 [WARN] MainUpdater:1189 - Updater busy. Cannot search thirdparties
2023-09-04 17:56:18,387 [INFO] ThirdPartyUpdaterWithRetryManager:96 - Updater plugin is busy. [7/15]
2023-09-04 17:56:19,634 [INFO] ServerAccessManage:473 - Download File wolfSSL.I-CUBE-wolfSSL.pdsc
2023-09-04 17:56:21,387 [WARN] MainUpdater:1189 - Updater busy. Cannot search thirdparties
2023-09-04 17:56:21,388 [INFO] ThirdPartyUpdaterWithRetryManager:96 - Updater plugin is busy. [8/15]
2023-09-04 17:56:21,938 [ERROR] LogOutputStream:75 - [STDERR_REDIRECT] SLF4J: Failed to load class "org.slf4j.impl.StaticLoggerBinder".
2023-09-04 17:56:21,939 [ERROR] LogOutputStream:75 - [STDERR_REDIRECT] SLF4J: Defaulting to no-operation (NOP) logger implementation
2023-09-04 17:56:21,939 [ERROR] LogOutputStream:75 - [STDERR_REDIRECT] SLF4J: See http://www.slf4j.org/codes.html#StaticLoggerBinder for further details.
2023-09-04 17:56:22,045 [ERROR] ServerAccessManage:1089 - Problem, file not found on Server
2023-09-04 17:56:22,471 [ERROR] ServerAccessManage:1089 - Problem, file not found on Server
2023-09-04 17:56:22,919 [ERROR] ServerAccessManage:1089 - Problem, file not found on Server
2023-09-04 17:56:23,287 [ERROR] ServerAccessManage:1096 - Problem, Http access forbiden
2023-09-04 17:56:23,288 [ERROR] ServerAccessManage:651 - Problem, Http access forbiden : RoweBots.I-CUBE-UNISONRTOS.pdsc.
2023-09-04 17:56:24,306 [INFO] ServerAccessManage:473 - Download File SEGGER.I-CUBE-embOS.pdsc
2023-09-04 17:56:24,388 [WARN] MainUpdater:1189 - Updater busy. Cannot search thirdparties
2023-09-04 17:56:24,389 [INFO] ThirdPartyUpdaterWithRetryManager:96 - Updater plugin is busy. [9/15]
2023-09-04 17:56:26,795 [INFO] ServerAccessManage:473 - Download File portGmbH.I-Cube-SoM-uGOAL.pdsc
2023-09-04 17:56:27,389 [WARN] MainUpdater:1189 - Updater busy. Cannot search thirdparties
2023-09-04 17:56:27,389 [INFO] ThirdPartyUpdaterWithRetryManager:96 - Updater plugin is busy. [10/15]
2023-09-04 17:56:28,324 [ERROR] ServerAccessManage:1089 - Problem, file not found on Server
2023-09-04 17:56:28,457 [ERROR] ServerAccessManage:1089 - Problem, file not found on Server
2023-09-04 17:56:28,595 [ERROR] ServerAccessManage:1089 - Problem, file not found on Server
2023-09-04 17:56:29,661 [INFO] ServerAccessManage:473 - Download File emotas.I-CUBE-CANOPEN.pdsc
2023-09-04 17:56:30,390 [WARN] MainUpdater:1189 - Updater busy. Cannot search thirdparties
2023-09-04 17:56:30,390 [INFO] ThirdPartyUpdaterWithRetryManager:96 - Updater plugin is busy. [11/15]
2023-09-04 17:56:30,797 [INFO] ServerAccessManage:473 - Download File WES.I-CUBE-Cesium.pdsc
2023-09-04 17:56:31,900 [ERROR] ServerAccessManage:1089 - Problem, file not found on Server
2023-09-04 17:56:32,262 [ERROR] ServerAccessManage:1089 - Problem, file not found on Server
2023-09-04 17:56:32,296 [WARN] PackLoader:240 - Cannot read IP mode file for STMicroelectronics.FP-ATR-ASTRA1.2.0.0
2023-09-04 17:56:32,297 [WARN] CheckServerUpdateThread:151 - Open CheckUpdateFile Fail
2023-09-04 17:56:32,299 [WARN] PackLoader:240 - Cannot read IP mode file for STMicroelectronics.FP-ATR-SIGFOX1.3.2.0
2023-09-04 17:56:32,302 [WARN] PackLoader:240 - Cannot read IP mode file for STMicroelectronics.FP-SNS-FLIGHT1.5.0.2
2023-09-04 17:56:32,306 [WARN] PackLoader:240 - Cannot read IP mode file for STMicroelectronics.FP-SNS-MOTENV1.4.3.2
2023-09-04 17:56:32,310 [WARN] PackLoader:240 - Cannot read IP mode file for STMicroelectronics.X-CUBE-AI.8.1.0
2023-09-04 17:56:32,313 [WARN] PackLoader:240 - Cannot read IP mode file for STMicroelectronics.X-CUBE-ALS.1.0.1
2023-09-04 17:56:32,318 [WARN] PackLoader:240 - Cannot read IP mode file for STMicroelectronics.X-CUBE-BLE1.7.0.0
2023-09-04 17:56:32,322 [WARN] PackLoader:240 - Cannot read IP mode file for STMicroelectronics.X-CUBE-BLE2.3.3.0
2023-09-04 17:56:32,330 [WARN] PackLoader:240 - Cannot read IP mode file for STMicroelectronics.X-CUBE-BLEMGR.2.0.0
2023-09-04 17:56:32,339 [WARN] PackLoader:240 - Cannot read IP mode file for STMicroelectronics.X-CUBE-DISPLAY.3.0.0
2023-09-04 17:56:32,347 [WARN] PackLoader:240 - Cannot read IP mode file for STMicroelectronics.X-CUBE-EEPRMA1.4.1.0
2023-09-04 17:56:32,352 [WARN] PackLoader:240 - Cannot read IP mode file for STMicroelectronics.X-CUBE-FREERTOS.1.1.0
2023-09-04 17:56:32,357 [WARN] PackLoader:240 - Cannot read IP mode file for STMicroelectronics.X-CUBE-GNSS1.6.0.0
2023-09-04 17:56:32,360 [WARN] PackLoader:240 - Cannot read IP mode file for STMicroelectronics.X-CUBE-ISPU.1.1.0
2023-09-04 17:56:32,392 [WARN] PackLoader:240 - Cannot read IP mode file for STMicroelectronics.X-CUBE-MEMS1.9.6.0
2023-09-04 17:56:32,409 [INFO] CheckServerUpdateThread:120 - End of CheckServer Thread
2023-09-04 17:56:32,500 [WARN] PackLoader:240 - Cannot read IP mode file for STMicroelectronics.X-CUBE-NFC4.3.0.0
2023-09-04 17:56:32,503 [WARN] PackLoader:240 - Cannot read IP mode file for STMicroelectronics.X-CUBE-NFC7.1.0.1
2023-09-04 17:56:32,508 [WARN] PackLoader:240 - Cannot read IP mode file for STMicroelectronics.X-CUBE-SFXS2LP1.4.0.0
2023-09-04 17:56:32,515 [WARN] PackLoader:240 - Cannot read IP mode file for STMicroelectronics.X-CUBE-SUBG2.5.0.0
2023-09-04 17:56:32,522 [WARN] PackLoader:240 - Cannot read IP mode file for STMicroelectronics.X-CUBE-SMBUS.2.1.0
2023-09-04 17:56:32,528 [WARN] PackLoader:240 - Cannot read IP mode file for STMicroelectronics.X-CUBE-TOF1.3.3.1
2023-09-04 17:56:32,537 [WARN] PackLoader:240 - Cannot read IP mode file for STMicroelectronics.X-CUBE-TOUCHGFX.4.22.0
2023-09-04 17:56:32,540 [WARN] PackLoader:240 - Cannot read IP mode file for STMicroelectronics.X-CUBE-ALGOBUILD.1.3.0
2023-09-04 17:56:32,552 [WARN] ConditionMgr:438 - getConditionDescription Invalid condition id : UX DEVICE CLASS RTOS Condition cause : null
2023-09-04 17:56:32,553 [WARN] ConditionMgr:438 - getConditionDescription Invalid condition id : UX DEVICE CLASS RTOS Condition cause : null
2023-09-04 17:56:32,556 [WARN] PackLoader:240 - Cannot read IP mode file for STMicroelectronics.X-CUBE-AZRTOS-H7.3.1.0
2023-09-04 17:56:32,557 [WARN] ConditionMgr:1039 - genDependencies : Invalid condition id : UX DEVICE CLASS RTOS Condition cause : null
2023-09-04 17:56:32,557 [WARN] ConditionMgr:1039 - genDependencies : Invalid condition id : UX DEVICE CLASS RTOS Condition cause : null
2023-09-04 17:56:32,558 [WARN] ConditionMgr:1039 - genDependencies : Invalid condition id : UX DEVICE CLASS RTOS Condition cause : null
2023-09-04 17:56:32,559 [WARN] ConditionMgr:1039 - genDependencies : Invalid condition id : UX DEVICE CLASS RTOS Condition cause : null
2023-09-04 17:56:32,559 [WARN] ConditionMgr:1039 - genDependencies : Invalid condition id : UX DEVICE CLASS RTOS Condition cause : null
2023-09-04 17:56:32,572 [WARN] PackLoader:240 - Cannot read IP mode file for STMicroelectronics.X-CUBE-AZRTOS-F4.1.1.0
2023-09-04 17:56:32,585 [WARN] PackLoader:240 - Cannot read IP mode file for STMicroelectronics.X-CUBE-AZRTOS-F7.1.1.0
2023-09-04 17:56:32,601 [WARN] ConditionMgr:438 - getConditionDescription Invalid condition id : LAN8742 Phy interface Condition cause : null
2023-09-04 17:56:32,602 [WARN] PackLoader:240 - Cannot read IP mode file for STMicroelectronics.X-CUBE-AZRTOS-L4.2.0.0
2023-09-04 17:56:32,603 [WARN] ConditionMgr:1039 - genDependencies : Invalid condition id : LAN8742 Phy interface Condition cause : null
2023-09-04 17:56:32,603 [WARN] ConditionMgr:1039 - genDependencies : Invalid condition id : LAN8742 Phy interface Condition cause : null
2023-09-04 17:56:32,604 [WARN] ConditionMgr:1039 - genDependencies : Invalid condition id : LAN8742 Phy interface Condition cause : null
2023-09-04 17:56:32,619 [WARN] PackLoader:240 - Cannot read IP mode file for STMicroelectronics.X-CUBE-AZRTOS-L5.2.0.0
2023-09-04 17:56:32,631 [WARN] PackLoader:240 - Cannot read IP mode file for STMicroelectronics.X-CUBE-AZRTOS-G0.1.1.0
2023-09-04 17:56:32,643 [WARN] PackLoader:240 - Cannot read IP mode file for STMicroelectronics.X-CUBE-AZRTOS-G4.2.0.0
2023-09-04 17:56:32,652 [WARN] ConditionMgr:438 - getConditionDescription Invalid condition id : UX DEVICE CLASS RTOS Condition cause : null
2023-09-04 17:56:32,653 [WARN] ConditionMgr:438 - getConditionDescription Invalid condition id : UX DEVICE CLASS RTOS Condition cause : null
2023-09-04 17:56:32,655 [WARN] PackLoader:240 - Cannot read IP mode file for STMicroelectronics.X-CUBE-AZRTOS-WB.2.0.0
2023-09-04 17:56:32,655 [WARN] ConditionMgr:1039 - genDependencies : Invalid condition id : UX DEVICE CLASS RTOS Condition cause : null
2023-09-04 17:56:32,655 [WARN] ConditionMgr:1039 - genDependencies : Invalid condition id : UX DEVICE CLASS RTOS Condition cause : null
2023-09-04 17:56:32,656 [WARN] ConditionMgr:1039 - genDependencies : Invalid condition id : UX DEVICE CLASS RTOS Condition cause : null
2023-09-04 17:56:32,656 [WARN] ConditionMgr:1039 - genDependencies : Invalid condition id : UX DEVICE CLASS RTOS Condition cause : null
2023-09-04 17:56:32,656 [WARN] ConditionMgr:1039 - genDependencies : Invalid condition id : UX DEVICE CLASS RTOS Condition cause : null
2023-09-04 17:56:32,663 [INFO] LogOutputStream:77 - [STDOUT_REDIRECT] 1 : Invalid condition id : UX_CORESTACK_Condition cause : null
2023-09-04 17:56:32,663 [INFO] LogOutputStream:77 - [STDOUT_REDIRECT] 1 : Invalid condition id : UX_CORESTACK_Condition cause : null
2023-09-04 17:56:32,663 [INFO] LogOutputStream:77 - [STDOUT_REDIRECT] 1 : Invalid condition id : UX_CORESTACK_Condition cause : null
2023-09-04 17:56:32,664 [INFO] LogOutputStream:77 - [STDOUT_REDIRECT] 1 : Invalid condition id : UX_CORESTACK_Condition cause : null
2023-09-04 17:56:32,664 [INFO] LogOutputStream:77 - [STDOUT_REDIRECT] 1 : Invalid condition id : UX_CORESTACK_Condition cause : null
2023-09-04 17:56:32,666 [WARN] PackLoader:240 - Cannot read IP mode file for STMicroelectronics.X-CUBE-AZRTOS-WL.2.0.0
2023-09-04 17:56:32,669 [WARN] PackLoader:240 - Cannot read IP mode file for wolfSSL.I-CUBE-wolfSSL.5.6.3
2023-09-04 17:56:32,692 [WARN] PackLoader:240 - Cannot read IP mode file for SEGGER.I-CUBE-embOS.1.3.1
2023-09-04 17:56:32,728 [WARN] PackLoader:240 - Cannot read IP mode file for portGmbH.I-Cube-SoM-uGOAL.1.1.0
2023-09-04 17:56:32,731 [WARN] PackLoader:240 - Cannot read IP mode file for emotas.I-CUBE-CANOPEN.1.3.0
2023-09-04 17:56:32,736 [WARN] PackLoader:240 - Cannot read IP mode file for WES.I-CUBE-Cesium.1.3.0
2023-09-04 17:56:32,736 [INFO] PopulateThirdPartyThread:66 - Ending populate Thread
2023-09-04 17:56:32,738 [INFO] ThirdParty:1030 - CMSIS Pack Vendor :STMicroelectronics X-CUBE-ISPU 1.1.0
2023-09-04 17:56:32,738 [INFO] ThirdParty:1030 - CMSIS Pack Vendor :STMicroelectronics X-CUBE-DISPLAY 3.0.0
2023-09-04 17:56:32,738 [INFO] ThirdParty:1030 - CMSIS Pack Vendor :STMicroelectronics X-CUBE-GNSS1 6.0.0
2023-09-04 17:56:32,738 [INFO] ThirdParty:1030 - CMSIS Pack Vendor :STMicroelectronics X-CUBE-AZRTOS-F4 1.1.0
2023-09-04 17:56:32,738 [INFO] ThirdParty:1030 - CMSIS Pack Vendor :STMicroelectronics FP-ATR-SIGFOX1 3.2.0
2023-09-04 17:56:32,738 [INFO] ThirdParty:1030 - CMSIS Pack Vendor :STMicroelectronics X-CUBE-BLE1 7.0.0
2023-09-04 17:56:32,738 [INFO] ThirdParty:1030 - CMSIS Pack Vendor :wolfSSL I-CUBE-wolfSSL 5.6.3
2023-09-04 17:56:32,738 [INFO] ThirdParty:1030 - CMSIS Pack Vendor :STMicroelectronics X-CUBE-SMBUS 2.1.0
2023-09-04 17:56:32,738 [INFO] ThirdParty:1030 - CMSIS Pack Vendor :STMicroelectronics X-CUBE-AZRTOS-WB 2.0.0
2023-09-04 17:56:32,738 [INFO] ThirdParty:1030 - CMSIS Pack Vendor :emotas I-CUBE-CANOPEN 1.3.0
2023-09-04 17:56:32,739 [INFO] ThirdParty:1030 - CMSIS Pack Vendor :STMicroelectronics X-CUBE-FREERTOS 1.1.0
2023-09-04 17:56:32,739 [INFO] ThirdParty:1030 - CMSIS Pack Vendor :STMicroelectronics X-CUBE-NFC7 1.0.1
2023-09-04 17:56:32,739 [INFO] ThirdParty:1030 - CMSIS Pack Vendor :STMicroelectronics X-CUBE-TOUCHGFX 4.22.0
2023-09-04 17:56:32,739 [INFO] ThirdParty:1030 - CMSIS Pack Vendor :STMicroelectronics X-CUBE-AZRTOS-F7 1.1.0
2023-09-04 17:56:32,739 [INFO] ThirdParty:1030 - CMSIS Pack Vendor :STMicroelectronics X-CUBE-AZRTOS-L5 2.0.0
2023-09-04 17:56:32,739 [INFO] ThirdParty:1030 - CMSIS Pack Vendor :STMicroelectronics X-CUBE-ALS 1.0.1
2023-09-04 17:56:32,739 [INFO] ThirdParty:1030 - CMSIS Pack Vendor :STMicroelectronics X-CUBE-EEPRMA1 4.1.0
2023-09-04 17:56:32,739 [INFO] ThirdParty:1030 - CMSIS Pack Vendor :portGmbH I-Cube-SoM-uGOAL 1.1.0
2023-09-04 17:56:32,739 [INFO] ThirdParty:1030 - CMSIS Pack Vendor :STMicroelectronics X-CUBE-MEMS1 9.6.0
2023-09-04 17:56:32,739 [INFO] ThirdParty:1030 - CMSIS Pack Vendor :STMicroelectronics FP-SNS-MOTENV1 4.3.2
2023-09-04 17:56:32,739 [INFO] ThirdParty:1030 - CMSIS Pack Vendor :STMicroelectronics X-CUBE-ALGOBUILD 1.3.0
2023-09-04 17:56:32,739 [INFO] ThirdParty:1030 - CMSIS Pack Vendor :STMicroelectronics X-CUBE-AZRTOS-WL 2.0.0
2023-09-04 17:56:32,739 [INFO] ThirdParty:1030 - CMSIS Pack Vendor :SEGGER I-CUBE-embOS 1.3.1
2023-09-04 17:56:32,739 [INFO] ThirdParty:1030 - CMSIS Pack Vendor :STMicroelectronics X-CUBE-AZRTOS-G0 1.1.0
2023-09-04 17:56:32,739 [INFO] ThirdParty:1030 - CMSIS Pack Vendor :STMicroelectronics X-CUBE-AI 8.1.0
2023-09-04 17:56:32,739 [INFO] ThirdParty:1030 - CMSIS Pack Vendor :STMicroelectronics X-CUBE-BLEMGR 2.0.0
2023-09-04 17:56:32,739 [INFO] ThirdParty:1030 - CMSIS Pack Vendor :STMicroelectronics X-CUBE-NFC4 3.0.0
2023-09-04 17:56:32,739 [INFO] ThirdParty:1030 - CMSIS Pack Vendor :STMicroelectronics X-CUBE-SUBG2 5.0.0
2023-09-04 17:56:32,739 [INFO] ThirdParty:1030 - CMSIS Pack Vendor :STMicroelectronics X-CUBE-AZRTOS-L4 2.0.0
2023-09-04 17:56:32,739 [INFO] ThirdParty:1030 - CMSIS Pack Vendor :STMicroelectronics FP-ATR-ASTRA1 2.0.0
2023-09-04 17:56:32,740 [INFO] ThirdParty:1030 - CMSIS Pack Vendor :WES I-CUBE-Cesium 1.3.0
2023-09-04 17:56:32,740 [INFO] ThirdParty:1030 - CMSIS Pack Vendor :STMicroelectronics X-CUBE-SFXS2LP1 4.0.0
2023-09-04 17:56:32,740 [INFO] ThirdParty:1030 - CMSIS Pack Vendor :STMicroelectronics FP-SNS-FLIGHT1 5.0.2
2023-09-04 17:56:32,740 [INFO] ThirdParty:1030 - CMSIS Pack Vendor :STMicroelectronics X-CUBE-BLE2 3.3.0
2023-09-04 17:56:32,740 [INFO] ThirdParty:1030 - CMSIS Pack Vendor :STMicroelectronics X-CUBE-TOF1 3.3.1
2023-09-04 17:56:32,740 [INFO] ThirdParty:1030 - CMSIS Pack Vendor :STMicroelectronics X-CUBE-AZRTOS-G4 2.0.0
2023-09-04 17:56:32,740 [INFO] ThirdParty:1030 - CMSIS Pack Vendor :STMicroelectronics X-CUBE-AZRTOS-H7 3.1.0
2023-09-04 17:56:32,740 [INFO] LoadServerUpdatesThread:373 - End of LoadServerUpdate Thread
2023-09-04 17:56:33,431 [WARN] PackLoader:240 - Cannot read IP mode file for STMicroelectronics.X-CUBE-SMBUS.2.1.0
2023-09-04 17:56:33,438 [WARN] PackLoader:240 - Cannot read IP mode file for STMicroelectronics.X-CUBE-AZRTOS-F7.1.1.0
2023-09-04 17:56:33,441 [WARN] PackLoader:240 - Cannot read IP mode file for STMicroelectronics.FP-SNS-MOTENV1.4.3.2
2023-09-04 17:56:33,443 [WARN] PackLoader:240 - Cannot read IP mode file for STMicroelectronics.FP-SNS-FLIGHT1.5.0.2
2023-09-04 17:56:33,445 [WARN] PackLoader:240 - Cannot read IP mode file for STMicroelectronics.X-CUBE-DISPLAY.3.0.0
2023-09-04 17:56:33,449 [WARN] PackLoader:240 - Cannot read IP mode file for STMicroelectronics.X-CUBE-BLE1.7.0.0
2023-09-04 17:56:33,450 [WARN] PackLoader:240 - Cannot read IP mode file for emotas.I-CUBE-CANOPEN.1.3.0
2023-09-04 17:56:33,451 [WARN] PackLoader:240 - Cannot read IP mode file for STMicroelectronics.X-CUBE-TOUCHGFX.4.22.0
2023-09-04 17:56:33,455 [INFO] LogOutputStream:77 - [STDOUT_REDIRECT] 1 : Invalid condition id : UX_CORESTACK_Condition cause : null
2023-09-04 17:56:33,455 [INFO] LogOutputStream:77 - [STDOUT_REDIRECT] 1 : Invalid condition id : UX_CORESTACK_Condition cause : null
2023-09-04 17:56:33,455 [INFO] LogOutputStream:77 - [STDOUT_REDIRECT] 1 : Invalid condition id : UX_CORESTACK_Condition cause : null
2023-09-04 17:56:33,455 [INFO] LogOutputStream:77 - [STDOUT_REDIRECT] 1 : Invalid condition id : UX_CORESTACK_Condition cause : null
2023-09-04 17:56:33,455 [INFO] LogOutputStream:77 - [STDOUT_REDIRECT] 1 : Invalid condition id : UX_CORESTACK_Condition cause : null
2023-09-04 17:56:33,457 [WARN] PackLoader:240 - Cannot read IP mode file for STMicroelectronics.X-CUBE-AZRTOS-WL.2.0.0
2023-09-04 17:56:33,459 [WARN] PackLoader:240 - Cannot read IP mode file for WES.I-CUBE-Cesium.1.3.0
2023-09-04 17:56:33,461 [WARN] PackLoader:240 - Cannot read IP mode file for STMicroelectronics.X-CUBE-BLE2.3.3.0
2023-09-04 17:56:33,464 [WARN] PackLoader:240 - Cannot read IP mode file for STMicroelectronics.X-CUBE-ALGOBUILD.1.3.0
2023-09-04 17:56:33,471 [WARN] PackLoader:240 - Cannot read IP mode file for STMicroelectronics.X-CUBE-AZRTOS-G0.1.1.0
2023-09-04 17:56:33,474 [WARN] PackLoader:240 - Cannot read IP mode file for STMicroelectronics.X-CUBE-NFC4.3.0.0
2023-09-04 17:56:33,476 [WARN] PackLoader:240 - Cannot read IP mode file for STMicroelectronics.FP-ATR-SIGFOX1.3.2.0
2023-09-04 17:56:33,490 [WARN] PackLoader:240 - Cannot read IP mode file for SEGGER.I-CUBE-embOS.1.3.1
2023-09-04 17:56:33,506 [WARN] PackLoader:240 - Cannot read IP mode file for STMicroelectronics.X-CUBE-GNSS1.6.0.0
2023-09-04 17:56:33,517 [WARN] PackLoader:240 - Cannot read IP mode file for STMicroelectronics.X-CUBE-AZRTOS-F4.1.1.0
2023-09-04 17:56:33,522 [WARN] PackLoader:240 - Cannot read IP mode file for wolfSSL.I-CUBE-wolfSSL.5.6.3
2023-09-04 17:56:33,534 [WARN] PackLoader:240 - Cannot read IP mode file for STMicroelectronics.X-CUBE-AZRTOS-L5.2.0.0
2023-09-04 17:56:33,575 [WARN] PackLoader:240 - Cannot read IP mode file for STMicroelectronics.X-CUBE-MEMS1.9.6.0
2023-09-04 17:56:33,678 [WARN] PackLoader:240 - Cannot read IP mode file for STMicroelectronics.X-CUBE-BLEMGR.2.0.0
2023-09-04 17:56:33,687 [WARN] ConditionMgr:438 - getConditionDescription Invalid condition id : UX DEVICE CLASS RTOS Condition cause : null
2023-09-04 17:56:33,687 [WARN] ConditionMgr:438 - getConditionDescription Invalid condition id : UX DEVICE CLASS RTOS Condition cause : null
2023-09-04 17:56:33,689 [WARN] PackLoader:240 - Cannot read IP mode file for STMicroelectronics.X-CUBE-AZRTOS-H7.3.1.0
2023-09-04 17:56:33,689 [WARN] ConditionMgr:1039 - genDependencies : Invalid condition id : UX DEVICE CLASS RTOS Condition cause : null
2023-09-04 17:56:33,689 [WARN] ConditionMgr:1039 - genDependencies : Invalid condition id : UX DEVICE CLASS RTOS Condition cause : null
2023-09-04 17:56:33,690 [WARN] ConditionMgr:1039 - genDependencies : Invalid condition id : UX DEVICE CLASS RTOS Condition cause : null
2023-09-04 17:56:33,690 [WARN] ConditionMgr:1039 - genDependencies : Invalid condition id : UX DEVICE CLASS RTOS Condition cause : null
2023-09-04 17:56:33,690 [WARN] ConditionMgr:1039 - genDependencies : Invalid condition id : UX DEVICE CLASS RTOS Condition cause : null
2023-09-04 17:56:33,693 [WARN] PackLoader:240 - Cannot read IP mode file for STMicroelectronics.X-CUBE-NFC7.1.0.1
2023-09-04 17:56:33,695 [WARN] PackLoader:240 - Cannot read IP mode file for STMicroelectronics.X-CUBE-EEPRMA1.4.1.0
2023-09-04 17:56:33,697 [WARN] PackLoader:240 - Cannot read IP mode file for STMicroelectronics.X-CUBE-AI.8.1.0
2023-09-04 17:56:33,706 [WARN] ConditionMgr:438 - getConditionDescription Invalid condition id : LAN8742 Phy interface Condition cause : null
2023-09-04 17:56:33,706 [WARN] PackLoader:240 - Cannot read IP mode file for STMicroelectronics.X-CUBE-AZRTOS-L4.2.0.0
2023-09-04 17:56:33,707 [WARN] ConditionMgr:1039 - genDependencies : Invalid condition id : LAN8742 Phy interface Condition cause : null
2023-09-04 17:56:33,707 [WARN] ConditionMgr:1039 - genDependencies : Invalid condition id : LAN8742 Phy interface Condition cause : null
2023-09-04 17:56:33,708 [WARN] ConditionMgr:1039 - genDependencies : Invalid condition id : LAN8742 Phy interface Condition cause : null
2023-09-04 17:56:33,711 [WARN] PackLoader:240 - Cannot read IP mode file for STMicroelectronics.X-CUBE-SFXS2LP1.4.0.0
2023-09-04 17:56:33,713 [WARN] PackLoader:240 - Cannot read IP mode file for STMicroelectronics.X-CUBE-ISPU.1.1.0
2023-09-04 17:56:33,720 [WARN] ConditionMgr:438 - getConditionDescription Invalid condition id : UX DEVICE CLASS RTOS Condition cause : null
2023-09-04 17:56:33,720 [WARN] ConditionMgr:438 - getConditionDescription Invalid condition id : UX DEVICE CLASS RTOS Condition cause : null
2023-09-04 17:56:33,721 [WARN] PackLoader:240 - Cannot read IP mode file for STMicroelectronics.X-CUBE-AZRTOS-WB.2.0.0
2023-09-04 17:56:33,722 [WARN] ConditionMgr:1039 - genDependencies : Invalid condition id : UX DEVICE CLASS RTOS Condition cause : null
2023-09-04 17:56:33,722 [WARN] ConditionMgr:1039 - genDependencies : Invalid condition id : UX DEVICE CLASS RTOS Condition cause : null
2023-09-04 17:56:33,722 [WARN] ConditionMgr:1039 - genDependencies : Invalid condition id : UX DEVICE CLASS RTOS Condition cause : null
2023-09-04 17:56:33,722 [WARN] ConditionMgr:1039 - genDependencies : Invalid condition id : UX DEVICE CLASS RTOS Condition cause : null
2023-09-04 17:56:33,722 [WARN] ConditionMgr:1039 - genDependencies : Invalid condition id : UX DEVICE CLASS RTOS Condition cause : null
2023-09-04 17:56:33,727 [WARN] PackLoader:240 - Cannot read IP mode file for STMicroelectronics.X-CUBE-SUBG2.5.0.0
2023-09-04 17:56:33,735 [WARN] PackLoader:240 - Cannot read IP mode file for STMicroelectronics.X-CUBE-TOF1.3.3.1
2023-09-04 17:56:33,747 [WARN] PackLoader:240 - Cannot read IP mode file for STMicroelectronics.X-CUBE-AZRTOS-G4.2.0.0
2023-09-04 17:56:33,750 [WARN] PackLoader:240 - Cannot read IP mode file for STMicroelectronics.X-CUBE-FREERTOS.1.1.0
2023-09-04 17:56:33,753 [WARN] PackLoader:240 - Cannot read IP mode file for portGmbH.I-Cube-SoM-uGOAL.1.1.0
2023-09-04 17:56:33,754 [WARN] PackLoader:240 - Cannot read IP mode file for STMicroelectronics.X-CUBE-ALS.1.0.1
2023-09-04 17:56:33,756 [WARN] PackLoader:240 - Cannot read IP mode file for STMicroelectronics.FP-ATR-ASTRA1.2.0.0
2023-09-04 17:56:33,757 [INFO] ThirdParty:978 - Integrity check success = true
2023-09-04 17:56:33,757 [INFO] IntegrityCheckThread:100 - exiting critical section [integrity check]
2023-09-04 17:56:33,757 [INFO] IntegrityCheckThread:103 - End integrity checks thread
2023-09-04 17:57:20,350 [ERROR] LogOutputStream:75 - [STDERR_REDIRECT] 
